Using pre-set license
Built from '2021.3/staging' branch; Version is '2021.3.11f1 (0a5ca18544bf) revision 679073'; Using compiler version '192829333'; Build Type 'Release'
OS: 'Windows 10  (10.0.19044) 64bit Professional' Language: 'ko' Physical Memory: 16347 MB
BatchMode: 1, IsHumanControllingUs: 0, StartBugReporterOnCrash: 0, Is64bit: 1, IsPro: 1

COMMAND LINE ARGUMENTS:
D:\Unity\Hub\Editor\2021.3.11f1\Editor\Unity.exe
-adb2
-batchMode
-noUpm
-name
AssetImportWorker2
-projectPath
D:/Hwan/Thesis/RegEx Edugame
-logFile
Logs/AssetImportWorker2.log
-srvPort
64548
Successfully changed project path to: D:/Hwan/Thesis/RegEx Edugame
D:/Hwan/Thesis/RegEx Edugame
[UnityMemory] Configuration Parameters - Can be set up in boot.config
    "memorysetup-bucket-allocator-granularity=16"
    "memorysetup-bucket-allocator-bucket-count=8"
    "memorysetup-bucket-allocator-block-size=33554432"
    "memorysetup-bucket-allocator-block-count=8"
    "memorysetup-main-allocator-block-size=16777216"
    "memorysetup-thread-allocator-block-size=16777216"
    "memorysetup-gfx-main-allocator-block-size=16777216"
    "memorysetup-gfx-thread-allocator-block-size=16777216"
    "memorysetup-cache-allocator-block-size=4194304"
    "memorysetup-typetree-allocator-block-size=2097152"
    "memorysetup-profiler-bucket-allocator-granularity=16"
    "memorysetup-profiler-bucket-allocator-bucket-count=8"
    "memorysetup-profiler-bucket-allocator-block-size=33554432"
    "memorysetup-profiler-bucket-allocator-block-count=8"
    "memorysetup-profiler-allocator-block-size=16777216"
    "memorysetup-profiler-editor-allocator-block-size=1048576"
    "memorysetup-temp-allocator-size-main=16777216"
    "memorysetup-job-temp-allocator-block-size=2097152"
    "memorysetup-job-temp-allocator-block-size-background=1048576"
    "memorysetup-job-temp-allocator-reduction-small-platforms=262144"
    "memorysetup-temp-allocator-size-background-worker=32768"
    "memorysetup-temp-allocator-size-job-worker=262144"
    "memorysetup-temp-allocator-size-preload-manager=33554432"
    "memorysetup-temp-allocator-size-nav-mesh-worker=65536"
    "memorysetup-temp-allocator-size-audio-worker=65536"
    "memorysetup-temp-allocator-size-cloud-worker=32768"
    "memorysetup-temp-allocator-size-gi-baking-worker=262144"
    "memorysetup-temp-allocator-size-gfx=262144"
Refreshing native plugins compatible for Editor in 352.82 ms, found 4 plugins.
Preloading 0 native plugins for Editor in 0.00 ms.
Initialize engine version: 2021.3.11f1 (0a5ca18544bf)
[Subsystems] Discovering subsystems at path D:/Unity/Hub/Editor/2021.3.11f1/Editor/Data/Resources/UnitySubsystems
[Subsystems] Discovering subsystems at path D:/Hwan/Thesis/RegEx Edugame/Assets
GfxDevice: creating device client; threaded=0; jobified=0
Direct3D:
    Version:  Direct3D 11.0 [level 11.1]
    Renderer: NVIDIA GeForce GTX 1050 Ti (ID=0x1c82)
    Vendor:   NVIDIA
    VRAM:     4017 MB
    Driver:   31.0.15.2698
Initialize mono
Mono path[0] = 'D:/Unity/Hub/Editor/2021.3.11f1/Editor/Data/Managed'
Mono path[1] = 'D:/Unity/Hub/Editor/2021.3.11f1/Editor/Data/MonoBleedingEdge/lib/mono/unityjit-win32'
Mono config path = 'D:/Unity/Hub/Editor/2021.3.11f1/Editor/Data/MonoBleedingEdge/etc'
Using monoOptions --debugger-agent=transport=dt_socket,embedding=1,server=y,suspend=n,address=127.0.0.1:56252
Begin MonoManager ReloadAssembly
Registering precompiled unity dll's ...
Register platform support module: D:/Unity/Hub/Editor/2021.3.11f1/Editor/Data/PlaybackEngines/WindowsStandaloneSupport/UnityEditor.WindowsStandalone.Extensions.dll
Registered in 0.008282 seconds.
Native extension for WindowsStandalone target not found
Refreshing native plugins compatible for Editor in 202.95 ms, found 4 plugins.
Preloading 0 native plugins for Editor in 0.00 ms.
Mono: successfully reloaded assembly
- Completed reload, in  1.456 seconds
Domain Reload Profiling:
	ReloadAssembly (1457ms)
		BeginReloadAssembly (170ms)
			ExecutionOrderSort (0ms)
			DisableScriptedObjects (0ms)
			BackupInstance (0ms)
			ReleaseScriptingObjects (0ms)
			CreateAndSetChildDomain (1ms)
		EndReloadAssembly (1077ms)
			LoadAssemblies (170ms)
			RebuildTransferFunctionScriptingTraits (0ms)
			SetupTypeCache (292ms)
			ReleaseScriptCaches (0ms)
			RebuildScriptCaches (66ms)
			SetupLoadedEditorAssemblies (606ms)
				LogAssemblyErrors (0ms)
				InitializePlatformSupportModulesInManaged (12ms)
				SetLoadedEditorAssemblies (0ms)
				RefreshPlugins (203ms)
				BeforeProcessingInitializeOnLoad (2ms)
				ProcessInitializeOnLoadAttributes (282ms)
				ProcessInitializeOnLoadMethodAttributes (106ms)
				AfterProcessingInitializeOnLoad (0ms)
				EditorAssembliesLoaded (0ms)
			ExecutionOrderSort2 (0ms)
			AwakeInstancesAfterBackupRestoration (0ms)
Platform modules already initialized, skipping
Registering precompiled user dll's ...
Registered in 0.009331 seconds.
Begin MonoManager ReloadAssembly
Symbol file LoadedFromMemory doesn't match image D:\Hwan\Thesis\RegEx Edugame\Library\PackageCache\com.unity.visualscripting@1.7.8\Editor\VisualScripting.Core\Dependencies\YamlDotNet\Unity.VisualScripting.YamlDotNet.dll
Symbol file LoadedFromMemory doesn't match image D:\Hwan\Thesis\RegEx Edugame\Library\PackageCache\com.unity.visualscripting@1.7.8\Editor\VisualScripting.Core\Dependencies\DotNetZip\Unity.VisualScripting.IonicZip.dll
Native extension for WindowsStandalone target not found
Refreshing native plugins compatible for Editor in 144.61 ms, found 4 plugins.
Preloading 0 native plugins for Editor in 0.00 ms.
Mono: successfully reloaded assembly
- Completed reload, in  1.680 seconds
Domain Reload Profiling:
	ReloadAssembly (1681ms)
		BeginReloadAssembly (169ms)
			ExecutionOrderSort (0ms)
			DisableScriptedObjects (8ms)
			BackupInstance (0ms)
			ReleaseScriptingObjects (0ms)
			CreateAndSetChildDomain (34ms)
		EndReloadAssembly (1346ms)
			LoadAssemblies (129ms)
			RebuildTransferFunctionScriptingTraits (0ms)
			SetupTypeCache (363ms)
			ReleaseScriptCaches (1ms)
			RebuildScriptCaches (85ms)
			SetupLoadedEditorAssemblies (709ms)
				LogAssemblyErrors (0ms)
				InitializePlatformSupportModulesInManaged (5ms)
				SetLoadedEditorAssemblies (0ms)
				RefreshPlugins (145ms)
				BeforeProcessingInitializeOnLoad (133ms)
				ProcessInitializeOnLoadAttributes (347ms)
				ProcessInitializeOnLoadMethodAttributes (73ms)
				AfterProcessingInitializeOnLoad (6ms)
				EditorAssembliesLoaded (0ms)
			ExecutionOrderSort2 (0ms)
			AwakeInstancesAfterBackupRestoration (8ms)
Platform modules already initialized, skipping
========================================================================
Worker process is ready to serve import requests
Launched and connected shader compiler UnityShaderCompiler.exe after 0.14 seconds
Refreshing native plugins compatible for Editor in 0.87 ms, found 4 plugins.
Preloading 0 native plugins for Editor in 0.00 ms.
Unloading 4140 Unused Serialized files (Serialized files now loaded: 0)
Unloading 38 unused Assets / (56.3 KB). Loaded Objects now: 4598.
Memory consumption went from 155.8 MB to 155.7 MB.
Total: 3.732700 ms (FindLiveObjects: 0.379600 ms CreateObjectMapping: 0.346500 ms MarkObjects: 2.915700 ms  DeleteObjects: 0.089700 ms)

AssetImportParameters requested are different than current active one (requested -> active):
  custom:video-decoder-ogg-theora: a1e56fd34408186e4bbccfd4996cb3dc -> 
  custom:container-muxer-webm: aa71ff27fc2769a1b78a27578f13a17b -> 
  custom:container-demuxer-webm: 4f35f7cbe854078d1ac9338744f61a02 -> 
  custom:video-encoder-webm-vp8: eb34c28f22e8b96e1ab97ce403110664 -> 
  custom:video-codec-MediaFoundation-h265: 746d11721c4dcdbdad8f713fa42b33f4 -> 
  custom:audio-encoder-webm-vorbis: bf7c407c2cedff20999df2af8eb42d56 -> 
  custom:framework-win-MediaFoundation: 216162199b28c13a410421893ffa2e32 -> 
  custom:container-demuxer-ogg: 62fdf1f143b41e24485cea50d1cbac27 -> 
  custom:video-decoder-webm-vp8: 9c59270c3fd7afecdb556c50c9e8de78 -> 
  custom:audio-decoder-ogg-vorbis: bf7c407c2cedff20999df2af8eb42d56 -> 
========================================================================
Received Import Request.
  Time since last request: 40191.531103 seconds.
  path: Assets/Sprites/streets/level-6.3/house-1.png
  artifactKey: Guid(1024f5a89702cf44894d781dcf5c6115) Importer(815301076,1909f56bfc062723c751e8b465ee728b)
Start importing Assets/Sprites/streets/level-6.3/house-1.png using Guid(1024f5a89702cf44894d781dcf5c6115) Importer(815301076,1909f56bfc062723c751e8b465ee728b)  -> (artifact id: '3d8eb42193b85ef35abe9388069758e9') in 0.659853 seconds 
========================================================================
Received Import Request.
  Time since last request: 0.000037 seconds.
  path: Assets/Sprites/streets/level-6.3/house-4.png
  artifactKey: Guid(fcd292eff129e2d40bac033c939428da) Importer(815301076,1909f56bfc062723c751e8b465ee728b)
Start importing Assets/Sprites/streets/level-6.3/house-4.png using Guid(fcd292eff129e2d40bac033c939428da) Importer(815301076,1909f56bfc062723c751e8b465ee728b)  -> (artifact id: 'b29b7cda86e5dcf68fd38d493c62379c') in 0.483346 seconds 
========================================================================
Received Import Request.
  Time since last request: 0.646345 seconds.
  path: Assets/Sprites/streets/level-6.1/house-1.png
  artifactKey: Guid(2abcc886c6b823f42a752f47d9cea3e1) Importer(815301076,1909f56bfc062723c751e8b465ee728b)
Start importing Assets/Sprites/streets/level-6.1/house-1.png using Guid(2abcc886c6b823f42a752f47d9cea3e1) Importer(815301076,1909f56bfc062723c751e8b465ee728b)  -> (artifact id: '1bf9b1fc1e497d81d056122f72cf839b') in 0.305049 seconds 
========================================================================
Received Import Request.
  Time since last request: 0.000079 seconds.
  path: Assets/Sprites/streets/level-6.1/house-3.png
  artifactKey: Guid(673e28400cb87464a87e196019a1ce94) Importer(815301076,1909f56bfc062723c751e8b465ee728b)
Start importing Assets/Sprites/streets/level-6.1/house-3.png using Guid(673e28400cb87464a87e196019a1ce94) Importer(815301076,1909f56bfc062723c751e8b465ee728b)  -> (artifact id: '21e8195d3fe86fdd15cafe5c79ad3051') in 0.249186 seconds 
========================================================================
Received Import Request.
  Time since last request: 1.258837 seconds.
  path: Assets/Sprites/streets/level-3.4/house-1.png
  artifactKey: Guid(e05fe9843bc48224d9db76432e7b9186) Importer(815301076,1909f56bfc062723c751e8b465ee728b)
Start importing Assets/Sprites/streets/level-3.4/house-1.png using Guid(e05fe9843bc48224d9db76432e7b9186) Importer(815301076,1909f56bfc062723c751e8b465ee728b)  -> (artifact id: '838261f350e0692093edbc9bb7180292') in 0.290742 seconds 
========================================================================
Received Import Request.
  Time since last request: 1.821485 seconds.
  path: Assets/Sprites/streets/level-4.1/house-1.png
  artifactKey: Guid(d82c8b45b4c7432438747c89945ea135) Importer(815301076,1909f56bfc062723c751e8b465ee728b)
Start importing Assets/Sprites/streets/level-4.1/house-1.png using Guid(d82c8b45b4c7432438747c89945ea135) Importer(815301076,1909f56bfc062723c751e8b465ee728b)  -> (artifact id: '8a7c296a061ef21319d46a031379fe96') in 0.335869 seconds 
========================================================================
Received Import Request.
  Time since last request: 4.699435 seconds.
  path: Assets/Sprites/streets/level-4.2/house-1.png
  artifactKey: Guid(ea1cacd57b4ba5240af3cc93284f20e2) Importer(815301076,1909f56bfc062723c751e8b465ee728b)
Start importing Assets/Sprites/streets/level-4.2/house-1.png using Guid(ea1cacd57b4ba5240af3cc93284f20e2) Importer(815301076,1909f56bfc062723c751e8b465ee728b)  -> (artifact id: 'a6037e53e52c22951050a092252b72ab') in 0.444489 seconds 
========================================================================
Received Import Request.
  Time since last request: 1.883795 seconds.
  path: Assets/Sprites/streets/level-4.3/house-1.png
  artifactKey: Guid(58d6b9983d7bb0e4da6b4a241fd50557) Importer(815301076,1909f56bfc062723c751e8b465ee728b)
Start importing Assets/Sprites/streets/level-4.3/house-1.png using Guid(58d6b9983d7bb0e4da6b4a241fd50557) Importer(815301076,1909f56bfc062723c751e8b465ee728b)  -> (artifact id: '7e040eb03ef0712efc8157f1d4bfeac5') in 0.278715 seconds 
========================================================================
Received Import Request.
  Time since last request: 2.577409 seconds.
  path: Assets/Sprites/streets/level-4.4/house-1.png
  artifactKey: Guid(f22dfffb4abbf8d458d3c83b553ef558) Importer(815301076,1909f56bfc062723c751e8b465ee728b)
Start importing Assets/Sprites/streets/level-4.4/house-1.png using Guid(f22dfffb4abbf8d458d3c83b553ef558) Importer(815301076,1909f56bfc062723c751e8b465ee728b)  -> (artifact id: '00dc0a062013c2c322328fe87567dd92') in 0.256154 seconds 
========================================================================
Received Import Request.
  Time since last request: 2.102951 seconds.
  path: Assets/Sprites/streets/level-4.5/house-1.png
  artifactKey: Guid(e9a6bd8695d559e419c9edfd67408fc0) Importer(815301076,1909f56bfc062723c751e8b465ee728b)
Start importing Assets/Sprites/streets/level-4.5/house-1.png using Guid(e9a6bd8695d559e419c9edfd67408fc0) Importer(815301076,1909f56bfc062723c751e8b465ee728b)  -> (artifact id: '6ff383f2a268be4ad4011c1ce4b15c06') in 0.260351 seconds 
========================================================================
Received Import Request.
  Time since last request: 1.477730 seconds.
  path: Assets/Sprites/streets/level-4.6/house-1.png
  artifactKey: Guid(b6b8cc0ddd1875247aa41bd6dd377e5c) Importer(815301076,1909f56bfc062723c751e8b465ee728b)
Start importing Assets/Sprites/streets/level-4.6/house-1.png using Guid(b6b8cc0ddd1875247aa41bd6dd377e5c) Importer(815301076,1909f56bfc062723c751e8b465ee728b)  -> (artifact id: '697e2580905c7b2afb74836b6ff1cecb') in 0.236901 seconds 
========================================================================
Received Import Request.
  Time since last request: 1.913909 seconds.
  path: Assets/Sprites/streets/level-5.1/house-1.png
  artifactKey: Guid(6af6fba968a72db4a9679a0c28624763) Importer(815301076,1909f56bfc062723c751e8b465ee728b)
Start importing Assets/Sprites/streets/level-5.1/house-1.png using Guid(6af6fba968a72db4a9679a0c28624763) Importer(815301076,1909f56bfc062723c751e8b465ee728b)  -> (artifact id: '991290e1da5120eacf774c589dd99c49') in 0.275875 seconds 
========================================================================
Received Import Request.
  Time since last request: 5.779660 seconds.
  path: Assets/Sprites/streets/level-6.2/house-1.png
  artifactKey: Guid(9aa813d8ea23f3444a9df1e5c84a86a7) Importer(815301076,1909f56bfc062723c751e8b465ee728b)
Start importing Assets/Sprites/streets/level-6.2/house-1.png using Guid(9aa813d8ea23f3444a9df1e5c84a86a7) Importer(815301076,1909f56bfc062723c751e8b465ee728b)  -> (artifact id: 'df76392aa7dbff1eced174a1e3055d9d') in 0.341380 seconds 
========================================================================
Received Import Request.
  Time since last request: 0.000056 seconds.
  path: Assets/Sprites/streets/level-6.2/level-6.2-street.png
  artifactKey: Guid(64a6fe3373111bf45b75a2e316deb001) Importer(815301076,1909f56bfc062723c751e8b465ee728b)
Start importing Assets/Sprites/streets/level-6.2/level-6.2-street.png using Guid(64a6fe3373111bf45b75a2e316deb001) Importer(815301076,1909f56bfc062723c751e8b465ee728b)  -> (artifact id: '365a6d66ab5d57083eaa2b8bca858b42') in 0.119622 seconds 
========================================================================
Received Import Request.
  Time since last request: 6.923477 seconds.
  path: Assets/Sprites/streets/level-6.1/level-6.1-street.png
  artifactKey: Guid(08fdd23d09c59534383e3270bcf80ba4) Importer(815301076,1909f56bfc062723c751e8b465ee728b)
Start importing Assets/Sprites/streets/level-6.1/level-6.1-street.png using Guid(08fdd23d09c59534383e3270bcf80ba4) Importer(815301076,1909f56bfc062723c751e8b465ee728b)  -> (artifact id: 'b1887aaab18e52132d31ff15fb43cb88') in 1.067242 seconds 
========================================================================
Received Import Request.
  Time since last request: 4.191069 seconds.
  path: Assets/Sprites/streets/level-6.1/house-4.png
  artifactKey: Guid(127d08a417e20e742bc270463d7440eb) Importer(815301076,1909f56bfc062723c751e8b465ee728b)
Start importing Assets/Sprites/streets/level-6.1/house-4.png using Guid(127d08a417e20e742bc270463d7440eb) Importer(815301076,1909f56bfc062723c751e8b465ee728b)  -> (artifact id: '0641762b2071a9342fce7b20863ec2ab') in 0.185591 seconds 
========================================================================
Received Import Request.
  Time since last request: 3.344546 seconds.
  path: Assets/Sprites/streets/level-6.1/house-3.png
  artifactKey: Guid(673e28400cb87464a87e196019a1ce94) Importer(815301076,1909f56bfc062723c751e8b465ee728b)
Start importing Assets/Sprites/streets/level-6.1/house-3.png using Guid(673e28400cb87464a87e196019a1ce94) Importer(815301076,1909f56bfc062723c751e8b465ee728b)  -> (artifact id: '2cd91c0d6609808a82b3a1c7be1eb631') in 0.165835 seconds 
========================================================================
Received Import Request.
  Time since last request: 2.785736 seconds.
  path: Assets/Sprites/streets/level-6.1/house-2.png
  artifactKey: Guid(f056779af1b33fc4f803fe2e2f536152) Importer(815301076,1909f56bfc062723c751e8b465ee728b)
Start importing Assets/Sprites/streets/level-6.1/house-2.png using Guid(f056779af1b33fc4f803fe2e2f536152) Importer(815301076,1909f56bfc062723c751e8b465ee728b)  -> (artifact id: 'e9e3f97ad339cd8963ea4992a41012b5') in 0.139797 seconds 
========================================================================
Received Import Request.
  Time since last request: 2.433838 seconds.
  path: Assets/Sprites/streets/level-6.1/house-1.png
  artifactKey: Guid(2abcc886c6b823f42a752f47d9cea3e1) Importer(815301076,1909f56bfc062723c751e8b465ee728b)
Start importing Assets/Sprites/streets/level-6.1/house-1.png using Guid(2abcc886c6b823f42a752f47d9cea3e1) Importer(815301076,1909f56bfc062723c751e8b465ee728b)  -> (artifact id: 'd965449de33952d6d30dbb273bcdd4ed') in 0.167074 seconds 
========================================================================
Received Import Request.
  Time since last request: 4.707273 seconds.
  path: Assets/Sprites/streets/level-6.2/level-6.2-street.png
  artifactKey: Guid(64a6fe3373111bf45b75a2e316deb001) Importer(815301076,1909f56bfc062723c751e8b465ee728b)
Start importing Assets/Sprites/streets/level-6.2/level-6.2-street.png using Guid(64a6fe3373111bf45b75a2e316deb001) Importer(815301076,1909f56bfc062723c751e8b465ee728b)  -> (artifact id: '3264e6a3e51d58f06634dbbbcdb90ee4') in 1.033618 seconds 
========================================================================
Received Import Request.
  Time since last request: 1.611273 seconds.
  path: Assets/Sprites/streets/level-6.2/house-4.png
  artifactKey: Guid(c584a6d8e2ac8334b99b900c45b27526) Importer(815301076,1909f56bfc062723c751e8b465ee728b)
Start importing Assets/Sprites/streets/level-6.2/house-4.png using Guid(c584a6d8e2ac8334b99b900c45b27526) Importer(815301076,1909f56bfc062723c751e8b465ee728b)  -> (artifact id: '2e0c7ab2b36405d1895915fbc45a5c4a') in 0.163016 seconds 
========================================================================
Received Import Request.
  Time since last request: 2.039645 seconds.
  path: Assets/Sprites/streets/level-6.2/house-3.png
  artifactKey: Guid(dafedf0b438f6c4409a6fc7e8d994cda) Importer(815301076,1909f56bfc062723c751e8b465ee728b)
Start importing Assets/Sprites/streets/level-6.2/house-3.png using Guid(dafedf0b438f6c4409a6fc7e8d994cda) Importer(815301076,1909f56bfc062723c751e8b465ee728b)  -> (artifact id: '0b587a0c8d3219f0fd5e9400e848ab1b') in 0.164615 seconds 
========================================================================
Received Import Request.
  Time since last request: 2.276044 seconds.
  path: Assets/Sprites/streets/level-6.2/house-2.png
  artifactKey: Guid(2a26857f3bb07854b9f47c5fe0937ebe) Importer(815301076,1909f56bfc062723c751e8b465ee728b)
Start importing Assets/Sprites/streets/level-6.2/house-2.png using Guid(2a26857f3bb07854b9f47c5fe0937ebe) Importer(815301076,1909f56bfc062723c751e8b465ee728b)  -> (artifact id: 'ba056d4206bbc792808dc3ccfb148873') in 0.162739 seconds 
========================================================================
Received Import Request.
  Time since last request: 2.866335 seconds.
  path: Assets/Sprites/streets/level-6.2/house-1.png
  artifactKey: Guid(9aa813d8ea23f3444a9df1e5c84a86a7) Importer(815301076,1909f56bfc062723c751e8b465ee728b)
Start importing Assets/Sprites/streets/level-6.2/house-1.png using Guid(9aa813d8ea23f3444a9df1e5c84a86a7) Importer(815301076,1909f56bfc062723c751e8b465ee728b)  -> (artifact id: 'd3cb076e47441fadb4242fe73864aa6b') in 0.190894 seconds 
========================================================================
Received Import Request.
  Time since last request: 5.424257 seconds.
  path: Assets/Sprites/streets/level-6.3/level-6.3-street.png
  artifactKey: Guid(c13d580a6ec08434b90e9727de5135de) Importer(815301076,1909f56bfc062723c751e8b465ee728b)
Start importing Assets/Sprites/streets/level-6.3/level-6.3-street.png using Guid(c13d580a6ec08434b90e9727de5135de) Importer(815301076,1909f56bfc062723c751e8b465ee728b)  -> (artifact id: 'e0cdd6645f08e6e3c7e5c701a2cb5aae') in 0.905205 seconds 
========================================================================
Received Import Request.
  Time since last request: 7.064100 seconds.
  path: Assets/Sprites/streets/level-6.3/house-4.png
  artifactKey: Guid(fcd292eff129e2d40bac033c939428da) Importer(815301076,1909f56bfc062723c751e8b465ee728b)
Start importing Assets/Sprites/streets/level-6.3/house-4.png using Guid(fcd292eff129e2d40bac033c939428da) Importer(815301076,1909f56bfc062723c751e8b465ee728b)  -> (artifact id: '795c3396f0b2c20bfcc8c4daf88ae8f3') in 0.130212 seconds 
========================================================================
Received Import Request.
  Time since last request: 5.134507 seconds.
  path: Assets/Sprites/streets/level-6.3/house-3.png
  artifactKey: Guid(737a9b4bbae657743a7421f4a787f03d) Importer(815301076,1909f56bfc062723c751e8b465ee728b)
Start importing Assets/Sprites/streets/level-6.3/house-3.png using Guid(737a9b4bbae657743a7421f4a787f03d) Importer(815301076,1909f56bfc062723c751e8b465ee728b)  -> (artifact id: 'a72b3ed8536acdf58954a2552b2e21c1') in 0.156382 seconds 
========================================================================
Received Import Request.
  Time since last request: 2.503801 seconds.
  path: Assets/Sprites/streets/level-6.3/house-2.png
  artifactKey: Guid(3350e5259aa68a846bf1f84977012c45) Importer(815301076,1909f56bfc062723c751e8b465ee728b)
Start importing Assets/Sprites/streets/level-6.3/house-2.png using Guid(3350e5259aa68a846bf1f84977012c45) Importer(815301076,1909f56bfc062723c751e8b465ee728b)  -> (artifact id: '16673d39ff916a54ac5652a19d7aedd9') in 0.175304 seconds 
========================================================================
Received Import Request.
  Time since last request: 3.025650 seconds.
  path: Assets/Sprites/streets/level-6.3/house-1.png
  artifactKey: Guid(1024f5a89702cf44894d781dcf5c6115) Importer(815301076,1909f56bfc062723c751e8b465ee728b)
Start importing Assets/Sprites/streets/level-6.3/house-1.png using Guid(1024f5a89702cf44894d781dcf5c6115) Importer(815301076,1909f56bfc062723c751e8b465ee728b)  -> (artifact id: '876372a3eb557ac4c40cb6962a4260aa') in 0.147720 seconds 
========================================================================
Received Import Request.
  Time since last request: 0.460490 seconds.
  path: Assets/Sprites/streets/level-7.1/house-1.png
  artifactKey: Guid(14ce96fb956db544cadb54fa89fb0d87) Importer(815301076,1909f56bfc062723c751e8b465ee728b)
Start importing Assets/Sprites/streets/level-7.1/house-1.png using Guid(14ce96fb956db544cadb54fa89fb0d87) Importer(815301076,1909f56bfc062723c751e8b465ee728b)  -> (artifact id: 'ecef75cabb933ecd3df1327b083a0b30') in 0.621166 seconds 
========================================================================
Received Import Request.
  Time since last request: 0.000030 seconds.
  path: Assets/Sprites/streets/level-7.1/house-4.png
  artifactKey: Guid(d4e494f5946d51a4984a75d3242f112b) Importer(815301076,1909f56bfc062723c751e8b465ee728b)
Start importing Assets/Sprites/streets/level-7.1/house-4.png using Guid(d4e494f5946d51a4984a75d3242f112b) Importer(815301076,1909f56bfc062723c751e8b465ee728b)  -> (artifact id: 'e5da4555694b8150840ff12e1d31a07c') in 0.292041 seconds 
========================================================================
Received Import Request.
  Time since last request: 4.622467 seconds.
  path: Assets/Sprites/streets/level-7.1/level-7.1-street.png
  artifactKey: Guid(cb5d8303d467b334ca85121aa8787355) Importer(815301076,1909f56bfc062723c751e8b465ee728b)
Start importing Assets/Sprites/streets/level-7.1/level-7.1-street.png using Guid(cb5d8303d467b334ca85121aa8787355) Importer(815301076,1909f56bfc062723c751e8b465ee728b)  -> (artifact id: '2067ccf31b860722ff70f9317f52d74b') in 1.016770 seconds 
========================================================================
Received Prepare
Registering precompiled user dll's ...
Registered in 0.005550 seconds.
Begin MonoManager ReloadAssembly
Symbol file LoadedFromMemory doesn't match image D:\Hwan\Thesis\RegEx Edugame\Library\PackageCache\com.unity.visualscripting@1.7.8\Editor\VisualScripting.Core\Dependencies\YamlDotNet\Unity.VisualScripting.YamlDotNet.dll
Symbol file LoadedFromMemory doesn't match image D:\Hwan\Thesis\RegEx Edugame\Library\PackageCache\com.unity.visualscripting@1.7.8\Editor\VisualScripting.Core\Dependencies\DotNetZip\Unity.VisualScripting.IonicZip.dll
Native extension for WindowsStandalone target not found
Refreshing native plugins compatible for Editor in 2.96 ms, found 4 plugins.
Preloading 0 native plugins for Editor in 0.00 ms.
Mono: successfully reloaded assembly
- Completed reload, in  3.534 seconds
Domain Reload Profiling:
	ReloadAssembly (3536ms)
		BeginReloadAssembly (521ms)
			ExecutionOrderSort (0ms)
			DisableScriptedObjects (56ms)
			BackupInstance (0ms)
			ReleaseScriptingObjects (0ms)
			CreateAndSetChildDomain (199ms)
		EndReloadAssembly (2571ms)
			LoadAssemblies (276ms)
			RebuildTransferFunctionScriptingTraits (0ms)
			SetupTypeCache (713ms)
			ReleaseScriptCaches (2ms)
			RebuildScriptCaches (131ms)
			SetupLoadedEditorAssemblies (1022ms)
				LogAssemblyErrors (0ms)
				InitializePlatformSupportModulesInManaged (37ms)
				SetLoadedEditorAssemblies (1ms)
				RefreshPlugins (3ms)
				BeforeProcessingInitializeOnLoad (184ms)
				ProcessInitializeOnLoadAttributes (659ms)
				ProcessInitializeOnLoadMethodAttributes (126ms)
				AfterProcessingInitializeOnLoad (11ms)
				EditorAssembliesLoaded (0ms)
			ExecutionOrderSort2 (0ms)
			AwakeInstancesAfterBackupRestoration (71ms)
Platform modules already initialized, skipping
Refreshing native plugins compatible for Editor in 15.84 ms, found 4 plugins.
Preloading 0 native plugins for Editor in 0.00 ms.
Unloading 4116 Unused Serialized files (Serialized files now loaded: 0)
Unloading 25 unused Assets / (24.6 KB). Loaded Objects now: 4613.
Memory consumption went from 158.1 MB to 158.1 MB.
Total: 10.759900 ms (FindLiveObjects: 1.064000 ms CreateObjectMapping: 0.379800 ms MarkObjects: 9.277300 ms  DeleteObjects: 0.037200 ms)

AssetImportParameters requested are different than current active one (requested -> active):
  custom:video-decoder-ogg-theora: a1e56fd34408186e4bbccfd4996cb3dc -> 
  custom:container-muxer-webm: aa71ff27fc2769a1b78a27578f13a17b -> 
  custom:container-demuxer-webm: 4f35f7cbe854078d1ac9338744f61a02 -> 
  custom:video-encoder-webm-vp8: eb34c28f22e8b96e1ab97ce403110664 -> 
  custom:video-codec-MediaFoundation-h265: 746d11721c4dcdbdad8f713fa42b33f4 -> 
  custom:audio-encoder-webm-vorbis: bf7c407c2cedff20999df2af8eb42d56 -> 
  custom:framework-win-MediaFoundation: 216162199b28c13a410421893ffa2e32 -> 
  custom:container-demuxer-ogg: 62fdf1f143b41e24485cea50d1cbac27 -> 
  custom:video-decoder-webm-vp8: 9c59270c3fd7afecdb556c50c9e8de78 -> 
  custom:audio-decoder-ogg-vorbis: bf7c407c2cedff20999df2af8eb42d56 -> 
========================================================================
Received Prepare
Registering precompiled user dll's ...
Registered in 0.008131 seconds.
Begin MonoManager ReloadAssembly
Symbol file LoadedFromMemory doesn't match image D:\Hwan\Thesis\RegEx Edugame\Library\PackageCache\com.unity.visualscripting@1.7.8\Editor\VisualScripting.Core\Dependencies\YamlDotNet\Unity.VisualScripting.YamlDotNet.dll
Symbol file LoadedFromMemory doesn't match image D:\Hwan\Thesis\RegEx Edugame\Library\PackageCache\com.unity.visualscripting@1.7.8\Editor\VisualScripting.Core\Dependencies\DotNetZip\Unity.VisualScripting.IonicZip.dll
Native extension for WindowsStandalone target not found
Refreshing native plugins compatible for Editor in 1.83 ms, found 4 plugins.
Preloading 0 native plugins for Editor in 0.00 ms.
Mono: successfully reloaded assembly
- Completed reload, in  3.266 seconds
Domain Reload Profiling:
	ReloadAssembly (3268ms)
		BeginReloadAssembly (212ms)
			ExecutionOrderSort (0ms)
			DisableScriptedObjects (11ms)
			BackupInstance (0ms)
			ReleaseScriptingObjects (0ms)
			CreateAndSetChildDomain (50ms)
		EndReloadAssembly (2820ms)
			LoadAssemblies (203ms)
			RebuildTransferFunctionScriptingTraits (0ms)
			SetupTypeCache (600ms)
			ReleaseScriptCaches (3ms)
			RebuildScriptCaches (104ms)
			SetupLoadedEditorAssemblies (1782ms)
				LogAssemblyErrors (0ms)
				InitializePlatformSupportModulesInManaged (33ms)
				SetLoadedEditorAssemblies (1ms)
				RefreshPlugins (2ms)
				BeforeProcessingInitializeOnLoad (1087ms)
				ProcessInitializeOnLoadAttributes (556ms)
				ProcessInitializeOnLoadMethodAttributes (95ms)
				AfterProcessingInitializeOnLoad (8ms)
				EditorAssembliesLoaded (1ms)
			ExecutionOrderSort2 (0ms)
			AwakeInstancesAfterBackupRestoration (20ms)
Platform modules already initialized, skipping
Refreshing native plugins compatible for Editor in 5.75 ms, found 4 plugins.
Preloading 0 native plugins for Editor in 0.00 ms.
Unloading 4116 Unused Serialized files (Serialized files now loaded: 0)
Unloading 25 unused Assets / (24.6 KB). Loaded Objects now: 4616.
Memory consumption went from 158.1 MB to 158.1 MB.
Total: 7.791000 ms (FindLiveObjects: 3.005200 ms CreateObjectMapping: 0.326200 ms MarkObjects: 4.431800 ms  DeleteObjects: 0.026700 ms)

AssetImportParameters requested are different than current active one (requested -> active):
  custom:video-decoder-ogg-theora: a1e56fd34408186e4bbccfd4996cb3dc -> 
  custom:container-muxer-webm: aa71ff27fc2769a1b78a27578f13a17b -> 
  custom:container-demuxer-webm: 4f35f7cbe854078d1ac9338744f61a02 -> 
  custom:video-encoder-webm-vp8: eb34c28f22e8b96e1ab97ce403110664 -> 
  custom:video-codec-MediaFoundation-h265: 746d11721c4dcdbdad8f713fa42b33f4 -> 
  custom:audio-encoder-webm-vorbis: bf7c407c2cedff20999df2af8eb42d56 -> 
  custom:framework-win-MediaFoundation: 216162199b28c13a410421893ffa2e32 -> 
  custom:container-demuxer-ogg: 62fdf1f143b41e24485cea50d1cbac27 -> 
  custom:video-decoder-webm-vp8: 9c59270c3fd7afecdb556c50c9e8de78 -> 
  custom:audio-decoder-ogg-vorbis: bf7c407c2cedff20999df2af8eb42d56 -> 
========================================================================
Received Import Request.
  Time since last request: 2477.966183 seconds.
  path: Assets/Scenes/Level 2.2/DroneMove.unity
  artifactKey: Guid(5a39f61f414996c4dacf0f104215d728) Importer(815301076,1909f56bfc062723c751e8b465ee728b)
Start importing Assets/Scenes/Level 2.2/DroneMove.unity using Guid(5a39f61f414996c4dacf0f104215d728) Importer(815301076,1909f56bfc062723c751e8b465ee728b)  -> (artifact id: 'aa507c2808969375163d35e1770a5cee') in 0.011422 seconds 
========================================================================
Received Prepare
Registering precompiled user dll's ...
Registered in 0.006135 seconds.
Begin MonoManager ReloadAssembly
Symbol file LoadedFromMemory doesn't match image D:\Hwan\Thesis\RegEx Edugame\Library\PackageCache\com.unity.visualscripting@1.7.8\Editor\VisualScripting.Core\Dependencies\YamlDotNet\Unity.VisualScripting.YamlDotNet.dll
Symbol file LoadedFromMemory doesn't match image D:\Hwan\Thesis\RegEx Edugame\Library\PackageCache\com.unity.visualscripting@1.7.8\Editor\VisualScripting.Core\Dependencies\DotNetZip\Unity.VisualScripting.IonicZip.dll
Native extension for WindowsStandalone target not found
Refreshing native plugins compatible for Editor in 0.99 ms, found 4 plugins.
Preloading 0 native plugins for Editor in 0.00 ms.
Mono: successfully reloaded assembly
- Completed reload, in  2.614 seconds
Domain Reload Profiling:
	ReloadAssembly (2616ms)
		BeginReloadAssembly (228ms)
			ExecutionOrderSort (0ms)
			DisableScriptedObjects (10ms)
			BackupInstance (0ms)
			ReleaseScriptingObjects (0ms)
			CreateAndSetChildDomain (68ms)
		EndReloadAssembly (2194ms)
			LoadAssemblies (177ms)
			RebuildTransferFunctionScriptingTraits (0ms)
			SetupTypeCache (549ms)
			ReleaseScriptCaches (4ms)
			RebuildScriptCaches (139ms)
			SetupLoadedEditorAssemblies (939ms)
				LogAssemblyErrors (0ms)
				InitializePlatformSupportModulesInManaged (120ms)
				SetLoadedEditorAssemblies (1ms)
				RefreshPlugins (1ms)
				BeforeProcessingInitializeOnLoad (294ms)
				ProcessInitializeOnLoadAttributes (442ms)
				ProcessInitializeOnLoadMethodAttributes (65ms)
				AfterProcessingInitializeOnLoad (16ms)
				EditorAssembliesLoaded (0ms)
			ExecutionOrderSort2 (0ms)
			AwakeInstancesAfterBackupRestoration (43ms)
Platform modules already initialized, skipping
Refreshing native plugins compatible for Editor in 2.34 ms, found 4 plugins.
Preloading 0 native plugins for Editor in 0.00 ms.
Unloading 4116 Unused Serialized files (Serialized files now loaded: 0)
Unloading 25 unused Assets / (24.7 KB). Loaded Objects now: 4619.
Memory consumption went from 158.1 MB to 158.1 MB.
Total: 6.438000 ms (FindLiveObjects: 0.352100 ms CreateObjectMapping: 0.409800 ms MarkObjects: 5.637500 ms  DeleteObjects: 0.037100 ms)

AssetImportParameters requested are different than current active one (requested -> active):
  custom:video-decoder-ogg-theora: a1e56fd34408186e4bbccfd4996cb3dc -> 
  custom:container-muxer-webm: aa71ff27fc2769a1b78a27578f13a17b -> 
  custom:container-demuxer-webm: 4f35f7cbe854078d1ac9338744f61a02 -> 
  custom:video-encoder-webm-vp8: eb34c28f22e8b96e1ab97ce403110664 -> 
  custom:video-codec-MediaFoundation-h265: 746d11721c4dcdbdad8f713fa42b33f4 -> 
  custom:audio-encoder-webm-vorbis: bf7c407c2cedff20999df2af8eb42d56 -> 
  custom:framework-win-MediaFoundation: 216162199b28c13a410421893ffa2e32 -> 
  custom:container-demuxer-ogg: 62fdf1f143b41e24485cea50d1cbac27 -> 
  custom:video-decoder-webm-vp8: 9c59270c3fd7afecdb556c50c9e8de78 -> 
  custom:audio-decoder-ogg-vorbis: bf7c407c2cedff20999df2af8eb42d56 -> 
========================================================================
Received Prepare
Registering precompiled user dll's ...
Registered in 0.009706 seconds.
Begin MonoManager ReloadAssembly
Symbol file LoadedFromMemory doesn't match image D:\Hwan\Thesis\RegEx Edugame\Library\PackageCache\com.unity.visualscripting@1.7.8\Editor\VisualScripting.Core\Dependencies\YamlDotNet\Unity.VisualScripting.YamlDotNet.dll
Symbol file LoadedFromMemory doesn't match image D:\Hwan\Thesis\RegEx Edugame\Library\PackageCache\com.unity.visualscripting@1.7.8\Editor\VisualScripting.Core\Dependencies\DotNetZip\Unity.VisualScripting.IonicZip.dll
Native extension for WindowsStandalone target not found
Refreshing native plugins compatible for Editor in 1.35 ms, found 4 plugins.
Preloading 0 native plugins for Editor in 0.00 ms.
Mono: successfully reloaded assembly
- Completed reload, in  2.240 seconds
Domain Reload Profiling:
	ReloadAssembly (2240ms)
		BeginReloadAssembly (197ms)
			ExecutionOrderSort (0ms)
			DisableScriptedObjects (9ms)
			BackupInstance (0ms)
			ReleaseScriptingObjects (0ms)
			CreateAndSetChildDomain (54ms)
		EndReloadAssembly (1900ms)
			LoadAssemblies (243ms)
			RebuildTransferFunctionScriptingTraits (0ms)
			SetupTypeCache (621ms)
			ReleaseScriptCaches (2ms)
			RebuildScriptCaches (122ms)
			SetupLoadedEditorAssemblies (803ms)
				LogAssemblyErrors (0ms)
				InitializePlatformSupportModulesInManaged (25ms)
				SetLoadedEditorAssemblies (1ms)
				RefreshPlugins (1ms)
				BeforeProcessingInitializeOnLoad (155ms)
				ProcessInitializeOnLoadAttributes (530ms)
				ProcessInitializeOnLoadMethodAttributes (84ms)
				AfterProcessingInitializeOnLoad (6ms)
				EditorAssembliesLoaded (0ms)
			ExecutionOrderSort2 (0ms)
			AwakeInstancesAfterBackupRestoration (17ms)
Platform modules already initialized, skipping
Refreshing native plugins compatible for Editor in 5.83 ms, found 4 plugins.
Preloading 0 native plugins for Editor in 0.00 ms.
Unloading 4116 Unused Serialized files (Serialized files now loaded: 0)
Unloading 25 unused Assets / (24.6 KB). Loaded Objects now: 4622.
Memory consumption went from 158.1 MB to 158.1 MB.
Total: 5.148200 ms (FindLiveObjects: 0.442000 ms CreateObjectMapping: 0.934300 ms MarkObjects: 3.733900 ms  DeleteObjects: 0.036700 ms)

AssetImportParameters requested are different than current active one (requested -> active):
  custom:video-decoder-ogg-theora: a1e56fd34408186e4bbccfd4996cb3dc -> 
  custom:container-muxer-webm: aa71ff27fc2769a1b78a27578f13a17b -> 
  custom:container-demuxer-webm: 4f35f7cbe854078d1ac9338744f61a02 -> 
  custom:video-encoder-webm-vp8: eb34c28f22e8b96e1ab97ce403110664 -> 
  custom:video-codec-MediaFoundation-h265: 746d11721c4dcdbdad8f713fa42b33f4 -> 
  custom:audio-encoder-webm-vorbis: bf7c407c2cedff20999df2af8eb42d56 -> 
  custom:framework-win-MediaFoundation: 216162199b28c13a410421893ffa2e32 -> 
  custom:container-demuxer-ogg: 62fdf1f143b41e24485cea50d1cbac27 -> 
  custom:video-decoder-webm-vp8: 9c59270c3fd7afecdb556c50c9e8de78 -> 
  custom:audio-decoder-ogg-vorbis: bf7c407c2cedff20999df2af8eb42d56 -> 
========================================================================
Received Import Request.
  Time since last request: 640.050564 seconds.
  path: Assets/Sprites/houses/level-3.1/house-2 1.png
  artifactKey: Guid(2d79a6d32ce16624db2fdc9a8c572976) Importer(815301076,1909f56bfc062723c751e8b465ee728b)
Start importing Assets/Sprites/houses/level-3.1/house-2 1.png using Guid(2d79a6d32ce16624db2fdc9a8c572976) Importer(815301076,1909f56bfc062723c751e8b465ee728b)  -> (artifact id: 'ab4b3cfa8a4128925f55ea7a5849fa0e') in 0.796778 seconds 
========================================================================
Received Import Request.
  Time since last request: 0.000029 seconds.
  path: Assets/Sprites/houses/level-3.1/house-3 1.png
  artifactKey: Guid(9ca2f397cf3f5364195a5061db8b0bd5) Importer(815301076,1909f56bfc062723c751e8b465ee728b)
Start importing Assets/Sprites/houses/level-3.1/house-3 1.png using Guid(9ca2f397cf3f5364195a5061db8b0bd5) Importer(815301076,1909f56bfc062723c751e8b465ee728b)  -> (artifact id: '4d0b523037efcb8271d397858d4221aa') in 0.384757 seconds 
========================================================================
Received Import Request.
  Time since last request: 1.425399 seconds.
  path: Assets/Sprites/streets/level-3.1/house-1.png
  artifactKey: Guid(8a4b824f476283e41bea227e52e9dbf9) Importer(815301076,1909f56bfc062723c751e8b465ee728b)
Start importing Assets/Sprites/streets/level-3.1/house-1.png using Guid(8a4b824f476283e41bea227e52e9dbf9) Importer(815301076,1909f56bfc062723c751e8b465ee728b)  -> (artifact id: '68cb370b6d00cd228023c63e26820cac') in 0.376706 seconds 
========================================================================
Received Prepare
Registering precompiled user dll's ...
Registered in 0.005892 seconds.
Begin MonoManager ReloadAssembly
Symbol file LoadedFromMemory doesn't match image D:\Hwan\Thesis\RegEx Edugame\Library\PackageCache\com.unity.visualscripting@1.7.8\Editor\VisualScripting.Core\Dependencies\YamlDotNet\Unity.VisualScripting.YamlDotNet.dll
Symbol file LoadedFromMemory doesn't match image D:\Hwan\Thesis\RegEx Edugame\Library\PackageCache\com.unity.visualscripting@1.7.8\Editor\VisualScripting.Core\Dependencies\DotNetZip\Unity.VisualScripting.IonicZip.dll
Native extension for WindowsStandalone target not found
Refreshing native plugins compatible for Editor in 1.04 ms, found 4 plugins.
Preloading 0 native plugins for Editor in 0.00 ms.
Mono: successfully reloaded assembly
- Completed reload, in  1.563 seconds
Domain Reload Profiling:
	ReloadAssembly (1564ms)
		BeginReloadAssembly (164ms)
			ExecutionOrderSort (0ms)
			DisableScriptedObjects (9ms)
			BackupInstance (0ms)
			ReleaseScriptingObjects (0ms)
			CreateAndSetChildDomain (47ms)
		EndReloadAssembly (1281ms)
			LoadAssemblies (124ms)
			RebuildTransferFunctionScriptingTraits (0ms)
			SetupTypeCache (478ms)
			ReleaseScriptCaches (2ms)
			RebuildScriptCaches (69ms)
			SetupLoadedEditorAssemblies (517ms)
				LogAssemblyErrors (0ms)
				InitializePlatformSupportModulesInManaged (20ms)
				SetLoadedEditorAssemblies (1ms)
				RefreshPlugins (1ms)
				BeforeProcessingInitializeOnLoad (151ms)
				ProcessInitializeOnLoadAttributes (283ms)
				ProcessInitializeOnLoadMethodAttributes (55ms)
				AfterProcessingInitializeOnLoad (6ms)
				EditorAssembliesLoaded (0ms)
			ExecutionOrderSort2 (0ms)
			AwakeInstancesAfterBackupRestoration (15ms)
Platform modules already initialized, skipping
Refreshing native plugins compatible for Editor in 2.40 ms, found 4 plugins.
Preloading 0 native plugins for Editor in 0.00 ms.
Unloading 4116 Unused Serialized files (Serialized files now loaded: 0)
Unloading 25 unused Assets / (24.6 KB). Loaded Objects now: 4625.
Memory consumption went from 158.2 MB to 158.1 MB.
Total: 4.004700 ms (FindLiveObjects: 0.460100 ms CreateObjectMapping: 0.694800 ms MarkObjects: 2.805200 ms  DeleteObjects: 0.043100 ms)

AssetImportParameters requested are different than current active one (requested -> active):
  custom:video-decoder-ogg-theora: a1e56fd34408186e4bbccfd4996cb3dc -> 
  custom:container-muxer-webm: aa71ff27fc2769a1b78a27578f13a17b -> 
  custom:container-demuxer-webm: 4f35f7cbe854078d1ac9338744f61a02 -> 
  custom:video-encoder-webm-vp8: eb34c28f22e8b96e1ab97ce403110664 -> 
  custom:video-codec-MediaFoundation-h265: 746d11721c4dcdbdad8f713fa42b33f4 -> 
  custom:audio-encoder-webm-vorbis: bf7c407c2cedff20999df2af8eb42d56 -> 
  custom:framework-win-MediaFoundation: 216162199b28c13a410421893ffa2e32 -> 
  custom:container-demuxer-ogg: 62fdf1f143b41e24485cea50d1cbac27 -> 
  custom:video-decoder-webm-vp8: 9c59270c3fd7afecdb556c50c9e8de78 -> 
  custom:audio-decoder-ogg-vorbis: bf7c407c2cedff20999df2af8eb42d56 -> 
========================================================================
Received Import Request.
  Time since last request: 1509.425321 seconds.
  path: Assets/Sprites/animations/Drone/colored-drone-left-idle.png
  artifactKey: Guid(885c20864a2fa65468350434be485611) Importer(815301076,1909f56bfc062723c751e8b465ee728b)
Start importing Assets/Sprites/animations/Drone/colored-drone-left-idle.png using Guid(885c20864a2fa65468350434be485611) Importer(815301076,1909f56bfc062723c751e8b465ee728b)  -> (artifact id: '5e9d9bafdf83feaa60a5940cbf1646c3') in 0.247451 seconds 
========================================================================
Received Prepare
Registering precompiled user dll's ...
Registered in 0.007807 seconds.
Begin MonoManager ReloadAssembly
Symbol file LoadedFromMemory doesn't match image D:\Hwan\Thesis\RegEx Edugame\Library\PackageCache\com.unity.visualscripting@1.7.8\Editor\VisualScripting.Core\Dependencies\YamlDotNet\Unity.VisualScripting.YamlDotNet.dll
Symbol file LoadedFromMemory doesn't match image D:\Hwan\Thesis\RegEx Edugame\Library\PackageCache\com.unity.visualscripting@1.7.8\Editor\VisualScripting.Core\Dependencies\DotNetZip\Unity.VisualScripting.IonicZip.dll
Native extension for WindowsStandalone target not found
Refreshing native plugins compatible for Editor in 1.52 ms, found 4 plugins.
Preloading 0 native plugins for Editor in 0.00 ms.
Mono: successfully reloaded assembly
- Completed reload, in  1.515 seconds
Domain Reload Profiling:
	ReloadAssembly (1515ms)
		BeginReloadAssembly (155ms)
			ExecutionOrderSort (0ms)
			DisableScriptedObjects (8ms)
			BackupInstance (0ms)
			ReleaseScriptingObjects (0ms)
			CreateAndSetChildDomain (42ms)
		EndReloadAssembly (1222ms)
			LoadAssemblies (116ms)
			RebuildTransferFunctionScriptingTraits (0ms)
			SetupTypeCache (418ms)
			ReleaseScriptCaches (2ms)
			RebuildScriptCaches (90ms)
			SetupLoadedEditorAssemblies (517ms)
				LogAssemblyErrors (0ms)
				InitializePlatformSupportModulesInManaged (18ms)
				SetLoadedEditorAssemblies (1ms)
				RefreshPlugins (2ms)
				BeforeProcessingInitializeOnLoad (100ms)
				ProcessInitializeOnLoadAttributes (318ms)
				ProcessInitializeOnLoadMethodAttributes (74ms)
				AfterProcessingInitializeOnLoad (5ms)
				EditorAssembliesLoaded (0ms)
			ExecutionOrderSort2 (0ms)
			AwakeInstancesAfterBackupRestoration (16ms)
Platform modules already initialized, skipping
Refreshing native plugins compatible for Editor in 3.08 ms, found 4 plugins.
Preloading 0 native plugins for Editor in 0.00 ms.
Unloading 4116 Unused Serialized files (Serialized files now loaded: 0)
Unloading 25 unused Assets / (24.6 KB). Loaded Objects now: 4637.
Memory consumption went from 158.2 MB to 158.2 MB.
Total: 4.580400 ms (FindLiveObjects: 0.646400 ms CreateObjectMapping: 0.545500 ms MarkObjects: 3.352900 ms  DeleteObjects: 0.033900 ms)

AssetImportParameters requested are different than current active one (requested -> active):
  custom:video-decoder-ogg-theora: a1e56fd34408186e4bbccfd4996cb3dc -> 
  custom:container-muxer-webm: aa71ff27fc2769a1b78a27578f13a17b -> 
  custom:container-demuxer-webm: 4f35f7cbe854078d1ac9338744f61a02 -> 
  custom:video-encoder-webm-vp8: eb34c28f22e8b96e1ab97ce403110664 -> 
  custom:video-codec-MediaFoundation-h265: 746d11721c4dcdbdad8f713fa42b33f4 -> 
  custom:audio-encoder-webm-vorbis: bf7c407c2cedff20999df2af8eb42d56 -> 
  custom:framework-win-MediaFoundation: 216162199b28c13a410421893ffa2e32 -> 
  custom:container-demuxer-ogg: 62fdf1f143b41e24485cea50d1cbac27 -> 
  custom:video-decoder-webm-vp8: 9c59270c3fd7afecdb556c50c9e8de78 -> 
  custom:audio-decoder-ogg-vorbis: bf7c407c2cedff20999df2af8eb42d56 -> 
========================================================================
Received Prepare
Registering precompiled user dll's ...
Registered in 0.005766 seconds.
Begin MonoManager ReloadAssembly
Symbol file LoadedFromMemory doesn't match image D:\Hwan\Thesis\RegEx Edugame\Library\PackageCache\com.unity.visualscripting@1.7.8\Editor\VisualScripting.Core\Dependencies\YamlDotNet\Unity.VisualScripting.YamlDotNet.dll
Symbol file LoadedFromMemory doesn't match image D:\Hwan\Thesis\RegEx Edugame\Library\PackageCache\com.unity.visualscripting@1.7.8\Editor\VisualScripting.Core\Dependencies\DotNetZip\Unity.VisualScripting.IonicZip.dll
Native extension for WindowsStandalone target not found
Refreshing native plugins compatible for Editor in 1.16 ms, found 4 plugins.
Preloading 0 native plugins for Editor in 0.00 ms.
Mono: successfully reloaded assembly
- Completed reload, in  1.412 seconds
Domain Reload Profiling:
	ReloadAssembly (1413ms)
		BeginReloadAssembly (188ms)
			ExecutionOrderSort (0ms)
			DisableScriptedObjects (21ms)
			BackupInstance (0ms)
			ReleaseScriptingObjects (0ms)
			CreateAndSetChildDomain (48ms)
		EndReloadAssembly (1113ms)
			LoadAssemblies (128ms)
			RebuildTransferFunctionScriptingTraits (0ms)
			SetupTypeCache (381ms)
			ReleaseScriptCaches (2ms)
			RebuildScriptCaches (76ms)
			SetupLoadedEditorAssemblies (463ms)
				LogAssemblyErrors (0ms)
				InitializePlatformSupportModulesInManaged (18ms)
				SetLoadedEditorAssemblies (1ms)
				RefreshPlugins (1ms)
				BeforeProcessingInitializeOnLoad (105ms)
				ProcessInitializeOnLoadAttributes (280ms)
				ProcessInitializeOnLoadMethodAttributes (55ms)
				AfterProcessingInitializeOnLoad (4ms)
				EditorAssembliesLoaded (0ms)
			ExecutionOrderSort2 (0ms)
			AwakeInstancesAfterBackupRestoration (12ms)
Platform modules already initialized, skipping
Refreshing native plugins compatible for Editor in 3.22 ms, found 4 plugins.
Preloading 0 native plugins for Editor in 0.00 ms.
Unloading 4116 Unused Serialized files (Serialized files now loaded: 0)
Unloading 25 unused Assets / (24.7 KB). Loaded Objects now: 4640.
Memory consumption went from 158.2 MB to 158.2 MB.
Total: 4.995200 ms (FindLiveObjects: 0.415700 ms CreateObjectMapping: 0.317700 ms MarkObjects: 4.223000 ms  DeleteObjects: 0.037600 ms)

AssetImportParameters requested are different than current active one (requested -> active):
  custom:video-decoder-ogg-theora: a1e56fd34408186e4bbccfd4996cb3dc -> 
  custom:container-muxer-webm: aa71ff27fc2769a1b78a27578f13a17b -> 
  custom:container-demuxer-webm: 4f35f7cbe854078d1ac9338744f61a02 -> 
  custom:video-encoder-webm-vp8: eb34c28f22e8b96e1ab97ce403110664 -> 
  custom:video-codec-MediaFoundation-h265: 746d11721c4dcdbdad8f713fa42b33f4 -> 
  custom:audio-encoder-webm-vorbis: bf7c407c2cedff20999df2af8eb42d56 -> 
  custom:framework-win-MediaFoundation: 216162199b28c13a410421893ffa2e32 -> 
  custom:container-demuxer-ogg: 62fdf1f143b41e24485cea50d1cbac27 -> 
  custom:video-decoder-webm-vp8: 9c59270c3fd7afecdb556c50c9e8de78 -> 
  custom:audio-decoder-ogg-vorbis: bf7c407c2cedff20999df2af8eb42d56 -> 
========================================================================
Received Prepare
Registering precompiled user dll's ...
Registered in 0.009248 seconds.
Begin MonoManager ReloadAssembly
Symbol file LoadedFromMemory doesn't match image D:\Hwan\Thesis\RegEx Edugame\Library\PackageCache\com.unity.visualscripting@1.7.8\Editor\VisualScripting.Core\Dependencies\YamlDotNet\Unity.VisualScripting.YamlDotNet.dll
Symbol file LoadedFromMemory doesn't match image D:\Hwan\Thesis\RegEx Edugame\Library\PackageCache\com.unity.visualscripting@1.7.8\Editor\VisualScripting.Core\Dependencies\DotNetZip\Unity.VisualScripting.IonicZip.dll
Native extension for WindowsStandalone target not found
Refreshing native plugins compatible for Editor in 1.25 ms, found 4 plugins.
Preloading 0 native plugins for Editor in 0.00 ms.
Mono: successfully reloaded assembly
- Completed reload, in  1.574 seconds
Domain Reload Profiling:
	ReloadAssembly (1574ms)
		BeginReloadAssembly (155ms)
			ExecutionOrderSort (0ms)
			DisableScriptedObjects (14ms)
			BackupInstance (0ms)
			ReleaseScriptingObjects (0ms)
			CreateAndSetChildDomain (43ms)
		EndReloadAssembly (1289ms)
			LoadAssemblies (212ms)
			RebuildTransferFunctionScriptingTraits (0ms)
			SetupTypeCache (349ms)
			ReleaseScriptCaches (4ms)
			RebuildScriptCaches (92ms)
			SetupLoadedEditorAssemblies (530ms)
				LogAssemblyErrors (0ms)
				InitializePlatformSupportModulesInManaged (16ms)
				SetLoadedEditorAssemblies (1ms)
				RefreshPlugins (1ms)
				BeforeProcessingInitializeOnLoad (97ms)
				ProcessInitializeOnLoadAttributes (349ms)
				ProcessInitializeOnLoadMethodAttributes (62ms)
				AfterProcessingInitializeOnLoad (4ms)
				EditorAssembliesLoaded (0ms)
			ExecutionOrderSort2 (0ms)
			AwakeInstancesAfterBackupRestoration (14ms)
Platform modules already initialized, skipping
Refreshing native plugins compatible for Editor in 4.00 ms, found 4 plugins.
Preloading 0 native plugins for Editor in 0.00 ms.
Unloading 4116 Unused Serialized files (Serialized files now loaded: 0)
Unloading 25 unused Assets / (25.6 KB). Loaded Objects now: 4643.
Memory consumption went from 158.2 MB to 158.2 MB.
Total: 5.398500 ms (FindLiveObjects: 0.412900 ms CreateObjectMapping: 0.498400 ms MarkObjects: 4.448100 ms  DeleteObjects: 0.037800 ms)

AssetImportParameters requested are different than current active one (requested -> active):
  custom:video-decoder-ogg-theora: a1e56fd34408186e4bbccfd4996cb3dc -> 
  custom:container-muxer-webm: aa71ff27fc2769a1b78a27578f13a17b -> 
  custom:container-demuxer-webm: 4f35f7cbe854078d1ac9338744f61a02 -> 
  custom:video-encoder-webm-vp8: eb34c28f22e8b96e1ab97ce403110664 -> 
  custom:video-codec-MediaFoundation-h265: 746d11721c4dcdbdad8f713fa42b33f4 -> 
  custom:audio-encoder-webm-vorbis: bf7c407c2cedff20999df2af8eb42d56 -> 
  custom:framework-win-MediaFoundation: 216162199b28c13a410421893ffa2e32 -> 
  custom:container-demuxer-ogg: 62fdf1f143b41e24485cea50d1cbac27 -> 
  custom:video-decoder-webm-vp8: 9c59270c3fd7afecdb556c50c9e8de78 -> 
  custom:audio-decoder-ogg-vorbis: bf7c407c2cedff20999df2af8eb42d56 -> 
========================================================================
Received Prepare
Registering precompiled user dll's ...
Registered in 0.006601 seconds.
Begin MonoManager ReloadAssembly
Symbol file LoadedFromMemory doesn't match image D:\Hwan\Thesis\RegEx Edugame\Library\PackageCache\com.unity.visualscripting@1.7.8\Editor\VisualScripting.Core\Dependencies\YamlDotNet\Unity.VisualScripting.YamlDotNet.dll
Symbol file LoadedFromMemory doesn't match image D:\Hwan\Thesis\RegEx Edugame\Library\PackageCache\com.unity.visualscripting@1.7.8\Editor\VisualScripting.Core\Dependencies\DotNetZip\Unity.VisualScripting.IonicZip.dll
Native extension for WindowsStandalone target not found
Refreshing native plugins compatible for Editor in 0.96 ms, found 4 plugins.
Preloading 0 native plugins for Editor in 0.00 ms.
Mono: successfully reloaded assembly
- Completed reload, in  1.370 seconds
Domain Reload Profiling:
	ReloadAssembly (1371ms)
		BeginReloadAssembly (147ms)
			ExecutionOrderSort (0ms)
			DisableScriptedObjects (8ms)
			BackupInstance (0ms)
			ReleaseScriptingObjects (0ms)
			CreateAndSetChildDomain (45ms)
		EndReloadAssembly (1113ms)
			LoadAssemblies (116ms)
			RebuildTransferFunctionScriptingTraits (0ms)
			SetupTypeCache (324ms)
			ReleaseScriptCaches (2ms)
			RebuildScriptCaches (72ms)
			SetupLoadedEditorAssemblies (503ms)
				LogAssemblyErrors (0ms)
				InitializePlatformSupportModulesInManaged (16ms)
				SetLoadedEditorAssemblies (1ms)
				RefreshPlugins (1ms)
				BeforeProcessingInitializeOnLoad (95ms)
				ProcessInitializeOnLoadAttributes (323ms)
				ProcessInitializeOnLoadMethodAttributes (62ms)
				AfterProcessingInitializeOnLoad (5ms)
				EditorAssembliesLoaded (0ms)
			ExecutionOrderSort2 (0ms)
			AwakeInstancesAfterBackupRestoration (20ms)
Platform modules already initialized, skipping
Refreshing native plugins compatible for Editor in 7.40 ms, found 4 plugins.
Preloading 0 native plugins for Editor in 0.00 ms.
Unloading 4116 Unused Serialized files (Serialized files now loaded: 0)
Unloading 25 unused Assets / (24.8 KB). Loaded Objects now: 4646.
Memory consumption went from 158.2 MB to 158.2 MB.
Total: 7.140600 ms (FindLiveObjects: 0.378100 ms CreateObjectMapping: 0.264900 ms MarkObjects: 6.438900 ms  DeleteObjects: 0.057300 ms)

AssetImportParameters requested are different than current active one (requested -> active):
  custom:video-decoder-ogg-theora: a1e56fd34408186e4bbccfd4996cb3dc -> 
  custom:container-muxer-webm: aa71ff27fc2769a1b78a27578f13a17b -> 
  custom:container-demuxer-webm: 4f35f7cbe854078d1ac9338744f61a02 -> 
  custom:video-encoder-webm-vp8: eb34c28f22e8b96e1ab97ce403110664 -> 
  custom:video-codec-MediaFoundation-h265: 746d11721c4dcdbdad8f713fa42b33f4 -> 
  custom:audio-encoder-webm-vorbis: bf7c407c2cedff20999df2af8eb42d56 -> 
  custom:framework-win-MediaFoundation: 216162199b28c13a410421893ffa2e32 -> 
  custom:container-demuxer-ogg: 62fdf1f143b41e24485cea50d1cbac27 -> 
  custom:video-decoder-webm-vp8: 9c59270c3fd7afecdb556c50c9e8de78 -> 
  custom:audio-decoder-ogg-vorbis: bf7c407c2cedff20999df2af8eb42d56 -> 
========================================================================
Received Import Request.
  Time since last request: 998.078230 seconds.
  path: Assets/Sprites/houses/level-3.3/house-2.png
  artifactKey: Guid(2ab4efa45d2672e4783ffc99e9755c15) Importer(815301076,1909f56bfc062723c751e8b465ee728b)
Start importing Assets/Sprites/houses/level-3.3/house-2.png using Guid(2ab4efa45d2672e4783ffc99e9755c15) Importer(815301076,1909f56bfc062723c751e8b465ee728b)  -> (artifact id: 'dc00ebc700b4243fe966279d29ae462e') in 0.733410 seconds 
========================================================================
Received Prepare
Registering precompiled user dll's ...
Registered in 0.006680 seconds.
Begin MonoManager ReloadAssembly
Symbol file LoadedFromMemory doesn't match image D:\Hwan\Thesis\RegEx Edugame\Library\PackageCache\com.unity.visualscripting@1.7.8\Editor\VisualScripting.Core\Dependencies\YamlDotNet\Unity.VisualScripting.YamlDotNet.dll
Symbol file LoadedFromMemory doesn't match image D:\Hwan\Thesis\RegEx Edugame\Library\PackageCache\com.unity.visualscripting@1.7.8\Editor\VisualScripting.Core\Dependencies\DotNetZip\Unity.VisualScripting.IonicZip.dll
Native extension for WindowsStandalone target not found
Refreshing native plugins compatible for Editor in 0.93 ms, found 4 plugins.
Preloading 0 native plugins for Editor in 0.00 ms.
Mono: successfully reloaded assembly
- Completed reload, in  1.275 seconds
Domain Reload Profiling:
	ReloadAssembly (1276ms)
		BeginReloadAssembly (149ms)
			ExecutionOrderSort (0ms)
			DisableScriptedObjects (8ms)
			BackupInstance (0ms)
			ReleaseScriptingObjects (0ms)
			CreateAndSetChildDomain (41ms)
		EndReloadAssembly (1016ms)
			LoadAssemblies (122ms)
			RebuildTransferFunctionScriptingTraits (0ms)
			SetupTypeCache (292ms)
			ReleaseScriptCaches (2ms)
			RebuildScriptCaches (63ms)
			SetupLoadedEditorAssemblies (466ms)
				LogAssemblyErrors (0ms)
				InitializePlatformSupportModulesInManaged (15ms)
				SetLoadedEditorAssemblies (1ms)
				RefreshPlugins (1ms)
				BeforeProcessingInitializeOnLoad (90ms)
				ProcessInitializeOnLoadAttributes (291ms)
				ProcessInitializeOnLoadMethodAttributes (63ms)
				AfterProcessingInitializeOnLoad (5ms)
				EditorAssembliesLoaded (0ms)
			ExecutionOrderSort2 (0ms)
			AwakeInstancesAfterBackupRestoration (11ms)
Platform modules already initialized, skipping
Refreshing native plugins compatible for Editor in 3.66 ms, found 4 plugins.
Preloading 0 native plugins for Editor in 0.00 ms.
Unloading 4116 Unused Serialized files (Serialized files now loaded: 0)
Unloading 25 unused Assets / (24.7 KB). Loaded Objects now: 4652.
Memory consumption went from 158.2 MB to 158.2 MB.
Total: 6.529100 ms (FindLiveObjects: 1.545300 ms CreateObjectMapping: 0.579300 ms MarkObjects: 4.370300 ms  DeleteObjects: 0.032700 ms)

AssetImportParameters requested are different than current active one (requested -> active):
  custom:video-decoder-ogg-theora: a1e56fd34408186e4bbccfd4996cb3dc -> 
  custom:container-muxer-webm: aa71ff27fc2769a1b78a27578f13a17b -> 
  custom:container-demuxer-webm: 4f35f7cbe854078d1ac9338744f61a02 -> 
  custom:video-encoder-webm-vp8: eb34c28f22e8b96e1ab97ce403110664 -> 
  custom:video-codec-MediaFoundation-h265: 746d11721c4dcdbdad8f713fa42b33f4 -> 
  custom:audio-encoder-webm-vorbis: bf7c407c2cedff20999df2af8eb42d56 -> 
  custom:framework-win-MediaFoundation: 216162199b28c13a410421893ffa2e32 -> 
  custom:container-demuxer-ogg: 62fdf1f143b41e24485cea50d1cbac27 -> 
  custom:video-decoder-webm-vp8: 9c59270c3fd7afecdb556c50c9e8de78 -> 
  custom:audio-decoder-ogg-vorbis: bf7c407c2cedff20999df2af8eb42d56 -> 
========================================================================
Received Prepare
Registering precompiled user dll's ...
Registered in 0.006039 seconds.
Begin MonoManager ReloadAssembly
Symbol file LoadedFromMemory doesn't match image D:\Hwan\Thesis\RegEx Edugame\Library\PackageCache\com.unity.visualscripting@1.7.8\Editor\VisualScripting.Core\Dependencies\YamlDotNet\Unity.VisualScripting.YamlDotNet.dll
Symbol file LoadedFromMemory doesn't match image D:\Hwan\Thesis\RegEx Edugame\Library\PackageCache\com.unity.visualscripting@1.7.8\Editor\VisualScripting.Core\Dependencies\DotNetZip\Unity.VisualScripting.IonicZip.dll
Native extension for WindowsStandalone target not found
Refreshing native plugins compatible for Editor in 0.99 ms, found 4 plugins.
Preloading 0 native plugins for Editor in 0.00 ms.
Mono: successfully reloaded assembly
- Completed reload, in  1.601 seconds
Domain Reload Profiling:
	ReloadAssembly (1603ms)
		BeginReloadAssembly (145ms)
			ExecutionOrderSort (0ms)
			DisableScriptedObjects (8ms)
			BackupInstance (0ms)
			ReleaseScriptingObjects (0ms)
			CreateAndSetChildDomain (40ms)
		EndReloadAssembly (1351ms)
			LoadAssemblies (107ms)
			RebuildTransferFunctionScriptingTraits (0ms)
			SetupTypeCache (439ms)
			ReleaseScriptCaches (2ms)
			RebuildScriptCaches (67ms)
			SetupLoadedEditorAssemblies (632ms)
				LogAssemblyErrors (0ms)
				InitializePlatformSupportModulesInManaged (27ms)
				SetLoadedEditorAssemblies (1ms)
				RefreshPlugins (1ms)
				BeforeProcessingInitializeOnLoad (121ms)
				ProcessInitializeOnLoadAttributes (400ms)
				ProcessInitializeOnLoadMethodAttributes (78ms)
				AfterProcessingInitializeOnLoad (6ms)
				EditorAssembliesLoaded (0ms)
			ExecutionOrderSort2 (0ms)
			AwakeInstancesAfterBackupRestoration (16ms)
Platform modules already initialized, skipping
Refreshing native plugins compatible for Editor in 2.56 ms, found 4 plugins.
Preloading 0 native plugins for Editor in 0.00 ms.
Unloading 4116 Unused Serialized files (Serialized files now loaded: 0)
Unloading 25 unused Assets / (24.7 KB). Loaded Objects now: 4655.
Memory consumption went from 158.2 MB to 158.2 MB.
Total: 3.276400 ms (FindLiveObjects: 0.507400 ms CreateObjectMapping: 0.272000 ms MarkObjects: 2.470100 ms  DeleteObjects: 0.025500 ms)

AssetImportParameters requested are different than current active one (requested -> active):
  custom:video-decoder-ogg-theora: a1e56fd34408186e4bbccfd4996cb3dc -> 
  custom:container-muxer-webm: aa71ff27fc2769a1b78a27578f13a17b -> 
  custom:container-demuxer-webm: 4f35f7cbe854078d1ac9338744f61a02 -> 
  custom:video-encoder-webm-vp8: eb34c28f22e8b96e1ab97ce403110664 -> 
  custom:video-codec-MediaFoundation-h265: 746d11721c4dcdbdad8f713fa42b33f4 -> 
  custom:audio-encoder-webm-vorbis: bf7c407c2cedff20999df2af8eb42d56 -> 
  custom:framework-win-MediaFoundation: 216162199b28c13a410421893ffa2e32 -> 
  custom:container-demuxer-ogg: 62fdf1f143b41e24485cea50d1cbac27 -> 
  custom:video-decoder-webm-vp8: 9c59270c3fd7afecdb556c50c9e8de78 -> 
  custom:audio-decoder-ogg-vorbis: bf7c407c2cedff20999df2af8eb42d56 -> 
========================================================================
Received Prepare
Registering precompiled user dll's ...
Registered in 0.006446 seconds.
Begin MonoManager ReloadAssembly
Symbol file LoadedFromMemory doesn't match image D:\Hwan\Thesis\RegEx Edugame\Library\PackageCache\com.unity.visualscripting@1.7.8\Editor\VisualScripting.Core\Dependencies\YamlDotNet\Unity.VisualScripting.YamlDotNet.dll
Symbol file LoadedFromMemory doesn't match image D:\Hwan\Thesis\RegEx Edugame\Library\PackageCache\com.unity.visualscripting@1.7.8\Editor\VisualScripting.Core\Dependencies\DotNetZip\Unity.VisualScripting.IonicZip.dll
Native extension for WindowsStandalone target not found
Refreshing native plugins compatible for Editor in 0.99 ms, found 4 plugins.
Preloading 0 native plugins for Editor in 0.00 ms.
Mono: successfully reloaded assembly
- Completed reload, in  1.547 seconds
Domain Reload Profiling:
	ReloadAssembly (1548ms)
		BeginReloadAssembly (162ms)
			ExecutionOrderSort (0ms)
			DisableScriptedObjects (8ms)
			BackupInstance (0ms)
			ReleaseScriptingObjects (0ms)
			CreateAndSetChildDomain (45ms)
		EndReloadAssembly (1275ms)
			LoadAssemblies (132ms)
			RebuildTransferFunctionScriptingTraits (0ms)
			SetupTypeCache (483ms)
			ReleaseScriptCaches (2ms)
			RebuildScriptCaches (67ms)
			SetupLoadedEditorAssemblies (531ms)
				LogAssemblyErrors (0ms)
				InitializePlatformSupportModulesInManaged (15ms)
				SetLoadedEditorAssemblies (1ms)
				RefreshPlugins (1ms)
				BeforeProcessingInitializeOnLoad (100ms)
				ProcessInitializeOnLoadAttributes (354ms)
				ProcessInitializeOnLoadMethodAttributes (57ms)
				AfterProcessingInitializeOnLoad (4ms)
				EditorAssembliesLoaded (0ms)
			ExecutionOrderSort2 (0ms)
			AwakeInstancesAfterBackupRestoration (13ms)
Platform modules already initialized, skipping
Refreshing native plugins compatible for Editor in 3.98 ms, found 4 plugins.
Preloading 0 native plugins for Editor in 0.00 ms.
Unloading 4116 Unused Serialized files (Serialized files now loaded: 0)
Unloading 25 unused Assets / (24.6 KB). Loaded Objects now: 4658.
Memory consumption went from 158.2 MB to 158.2 MB.
Total: 4.969600 ms (FindLiveObjects: 0.497700 ms CreateObjectMapping: 0.740600 ms MarkObjects: 3.697000 ms  DeleteObjects: 0.032900 ms)

AssetImportParameters requested are different than current active one (requested -> active):
  custom:video-decoder-ogg-theora: a1e56fd34408186e4bbccfd4996cb3dc -> 
  custom:container-muxer-webm: aa71ff27fc2769a1b78a27578f13a17b -> 
  custom:container-demuxer-webm: 4f35f7cbe854078d1ac9338744f61a02 -> 
  custom:video-encoder-webm-vp8: eb34c28f22e8b96e1ab97ce403110664 -> 
  custom:video-codec-MediaFoundation-h265: 746d11721c4dcdbdad8f713fa42b33f4 -> 
  custom:audio-encoder-webm-vorbis: bf7c407c2cedff20999df2af8eb42d56 -> 
  custom:framework-win-MediaFoundation: 216162199b28c13a410421893ffa2e32 -> 
  custom:container-demuxer-ogg: 62fdf1f143b41e24485cea50d1cbac27 -> 
  custom:video-decoder-webm-vp8: 9c59270c3fd7afecdb556c50c9e8de78 -> 
  custom:audio-decoder-ogg-vorbis: bf7c407c2cedff20999df2af8eb42d56 -> 
========================================================================
Received Prepare
Registering precompiled user dll's ...
Registered in 0.006248 seconds.
Begin MonoManager ReloadAssembly
Symbol file LoadedFromMemory doesn't match image D:\Hwan\Thesis\RegEx Edugame\Library\PackageCache\com.unity.visualscripting@1.7.8\Editor\VisualScripting.Core\Dependencies\YamlDotNet\Unity.VisualScripting.YamlDotNet.dll
Symbol file LoadedFromMemory doesn't match image D:\Hwan\Thesis\RegEx Edugame\Library\PackageCache\com.unity.visualscripting@1.7.8\Editor\VisualScripting.Core\Dependencies\DotNetZip\Unity.VisualScripting.IonicZip.dll
Native extension for WindowsStandalone target not found
Refreshing native plugins compatible for Editor in 1.07 ms, found 4 plugins.
Preloading 0 native plugins for Editor in 0.00 ms.
Mono: successfully reloaded assembly
- Completed reload, in  1.675 seconds
Domain Reload Profiling:
	ReloadAssembly (1676ms)
		BeginReloadAssembly (152ms)
			ExecutionOrderSort (0ms)
			DisableScriptedObjects (8ms)
			BackupInstance (0ms)
			ReleaseScriptingObjects (0ms)
			CreateAndSetChildDomain (40ms)
		EndReloadAssembly (1400ms)
			LoadAssemblies (123ms)
			RebuildTransferFunctionScriptingTraits (0ms)
			SetupTypeCache (418ms)
			ReleaseScriptCaches (11ms)
			RebuildScriptCaches (146ms)
			SetupLoadedEditorAssemblies (545ms)
				LogAssemblyErrors (0ms)
				InitializePlatformSupportModulesInManaged (21ms)
				SetLoadedEditorAssemblies (1ms)
				RefreshPlugins (1ms)
				BeforeProcessingInitializeOnLoad (100ms)
				ProcessInitializeOnLoadAttributes (343ms)
				ProcessInitializeOnLoadMethodAttributes (75ms)
				AfterProcessingInitializeOnLoad (5ms)
				EditorAssembliesLoaded (0ms)
			ExecutionOrderSort2 (0ms)
			AwakeInstancesAfterBackupRestoration (13ms)
Platform modules already initialized, skipping
Refreshing native plugins compatible for Editor in 3.48 ms, found 4 plugins.
Preloading 0 native plugins for Editor in 0.00 ms.
Unloading 4116 Unused Serialized files (Serialized files now loaded: 0)
Unloading 25 unused Assets / (24.7 KB). Loaded Objects now: 4661.
Memory consumption went from 158.2 MB to 158.2 MB.
Total: 5.678600 ms (FindLiveObjects: 0.399800 ms CreateObjectMapping: 0.307600 ms MarkObjects: 4.936800 ms  DeleteObjects: 0.032900 ms)

AssetImportParameters requested are different than current active one (requested -> active):
  custom:video-decoder-ogg-theora: a1e56fd34408186e4bbccfd4996cb3dc -> 
  custom:container-muxer-webm: aa71ff27fc2769a1b78a27578f13a17b -> 
  custom:container-demuxer-webm: 4f35f7cbe854078d1ac9338744f61a02 -> 
  custom:video-encoder-webm-vp8: eb34c28f22e8b96e1ab97ce403110664 -> 
  custom:video-codec-MediaFoundation-h265: 746d11721c4dcdbdad8f713fa42b33f4 -> 
  custom:audio-encoder-webm-vorbis: bf7c407c2cedff20999df2af8eb42d56 -> 
  custom:framework-win-MediaFoundation: 216162199b28c13a410421893ffa2e32 -> 
  custom:container-demuxer-ogg: 62fdf1f143b41e24485cea50d1cbac27 -> 
  custom:video-decoder-webm-vp8: 9c59270c3fd7afecdb556c50c9e8de78 -> 
  custom:audio-decoder-ogg-vorbis: bf7c407c2cedff20999df2af8eb42d56 -> 
