Using pre-set license
Built from '2021.3/staging' branch; Version is '2021.3.11f1 (0a5ca18544bf) revision 679073'; Using compiler version '192829333'; Build Type 'Release'
OS: 'Windows 10  (10.0.19044) 64bit Professional' Language: 'ko' Physical Memory: 16347 MB
BatchMode: 1, IsHumanControllingUs: 0, StartBugReporterOnCrash: 0, Is64bit: 1, IsPro: 1

COMMAND LINE ARGUMENTS:
D:\Unity\Hub\Editor\2021.3.11f1\Editor\Unity.exe
-adb2
-batchMode
-noUpm
-name
AssetImportWorker4
-projectPath
D:/Hwan/Thesis/RegEx Edugame
-logFile
Logs/AssetImportWorker4.log
-srvPort
64548
Successfully changed project path to: D:/Hwan/Thesis/RegEx Edugame
D:/Hwan/Thesis/RegEx Edugame
[UnityMemory] Configuration Parameters - Can be set up in boot.config
    "memorysetup-bucket-allocator-granularity=16"
    "memorysetup-bucket-allocator-bucket-count=8"
    "memorysetup-bucket-allocator-block-size=33554432"
    "memorysetup-bucket-allocator-block-count=8"
    "memorysetup-main-allocator-block-size=16777216"
    "memorysetup-thread-allocator-block-size=16777216"
    "memorysetup-gfx-main-allocator-block-size=16777216"
    "memorysetup-gfx-thread-allocator-block-size=16777216"
    "memorysetup-cache-allocator-block-size=4194304"
    "memorysetup-typetree-allocator-block-size=2097152"
    "memorysetup-profiler-bucket-allocator-granularity=16"
    "memorysetup-profiler-bucket-allocator-bucket-count=8"
    "memorysetup-profiler-bucket-allocator-block-size=33554432"
    "memorysetup-profiler-bucket-allocator-block-count=8"
    "memorysetup-profiler-allocator-block-size=16777216"
    "memorysetup-profiler-editor-allocator-block-size=1048576"
    "memorysetup-temp-allocator-size-main=16777216"
    "memorysetup-job-temp-allocator-block-size=2097152"
    "memorysetup-job-temp-allocator-block-size-background=1048576"
    "memorysetup-job-temp-allocator-reduction-small-platforms=262144"
    "memorysetup-temp-allocator-size-background-worker=32768"
    "memorysetup-temp-allocator-size-job-worker=262144"
    "memorysetup-temp-allocator-size-preload-manager=33554432"
    "memorysetup-temp-allocator-size-nav-mesh-worker=65536"
    "memorysetup-temp-allocator-size-audio-worker=65536"
    "memorysetup-temp-allocator-size-cloud-worker=32768"
    "memorysetup-temp-allocator-size-gi-baking-worker=262144"
    "memorysetup-temp-allocator-size-gfx=262144"
Refreshing native plugins compatible for Editor in 165.23 ms, found 4 plugins.
Preloading 0 native plugins for Editor in 0.00 ms.
Initialize engine version: 2021.3.11f1 (0a5ca18544bf)
[Subsystems] Discovering subsystems at path D:/Unity/Hub/Editor/2021.3.11f1/Editor/Data/Resources/UnitySubsystems
[Subsystems] Discovering subsystems at path D:/Hwan/Thesis/RegEx Edugame/Assets
GfxDevice: creating device client; threaded=0; jobified=0
Direct3D:
    Version:  Direct3D 11.0 [level 11.1]
    Renderer: NVIDIA GeForce GTX 1050 Ti (ID=0x1c82)
    Vendor:   NVIDIA
    VRAM:     4017 MB
    Driver:   31.0.15.2698
Initialize mono
Mono path[0] = 'D:/Unity/Hub/Editor/2021.3.11f1/Editor/Data/Managed'
Mono path[1] = 'D:/Unity/Hub/Editor/2021.3.11f1/Editor/Data/MonoBleedingEdge/lib/mono/unityjit-win32'
Mono config path = 'D:/Unity/Hub/Editor/2021.3.11f1/Editor/Data/MonoBleedingEdge/etc'
Using monoOptions --debugger-agent=transport=dt_socket,embedding=1,server=y,suspend=n,address=127.0.0.1:56524
Begin MonoManager ReloadAssembly
Registering precompiled unity dll's ...
Register platform support module: D:/Unity/Hub/Editor/2021.3.11f1/Editor/Data/PlaybackEngines/WindowsStandaloneSupport/UnityEditor.WindowsStandalone.Extensions.dll
Registered in 0.003674 seconds.
Native extension for WindowsStandalone target not found
Refreshing native plugins compatible for Editor in 117.28 ms, found 4 plugins.
Preloading 0 native plugins for Editor in 0.00 ms.
Mono: successfully reloaded assembly
- Completed reload, in  0.877 seconds
Domain Reload Profiling:
	ReloadAssembly (878ms)
		BeginReloadAssembly (89ms)
			ExecutionOrderSort (0ms)
			DisableScriptedObjects (0ms)
			BackupInstance (0ms)
			ReleaseScriptingObjects (0ms)
			CreateAndSetChildDomain (1ms)
		EndReloadAssembly (666ms)
			LoadAssemblies (87ms)
			RebuildTransferFunctionScriptingTraits (0ms)
			SetupTypeCache (144ms)
			ReleaseScriptCaches (0ms)
			RebuildScriptCaches (40ms)
			SetupLoadedEditorAssemblies (416ms)
				LogAssemblyErrors (0ms)
				InitializePlatformSupportModulesInManaged (7ms)
				SetLoadedEditorAssemblies (1ms)
				RefreshPlugins (117ms)
				BeforeProcessingInitializeOnLoad (3ms)
				ProcessInitializeOnLoadAttributes (228ms)
				ProcessInitializeOnLoadMethodAttributes (60ms)
				AfterProcessingInitializeOnLoad (0ms)
				EditorAssembliesLoaded (0ms)
			ExecutionOrderSort2 (0ms)
			AwakeInstancesAfterBackupRestoration (0ms)
Platform modules already initialized, skipping
Registering precompiled user dll's ...
Registered in 0.010967 seconds.
Begin MonoManager ReloadAssembly
Symbol file LoadedFromMemory doesn't match image D:\Hwan\Thesis\RegEx Edugame\Library\PackageCache\com.unity.visualscripting@1.7.8\Editor\VisualScripting.Core\Dependencies\YamlDotNet\Unity.VisualScripting.YamlDotNet.dll
Symbol file LoadedFromMemory doesn't match image D:\Hwan\Thesis\RegEx Edugame\Library\PackageCache\com.unity.visualscripting@1.7.8\Editor\VisualScripting.Core\Dependencies\DotNetZip\Unity.VisualScripting.IonicZip.dll
Native extension for WindowsStandalone target not found
Refreshing native plugins compatible for Editor in 169.74 ms, found 4 plugins.
Preloading 0 native plugins for Editor in 0.00 ms.
Mono: successfully reloaded assembly
- Completed reload, in  2.401 seconds
Domain Reload Profiling:
	ReloadAssembly (2402ms)
		BeginReloadAssembly (164ms)
			ExecutionOrderSort (0ms)
			DisableScriptedObjects (8ms)
			BackupInstance (0ms)
			ReleaseScriptingObjects (0ms)
			CreateAndSetChildDomain (34ms)
		EndReloadAssembly (2059ms)
			LoadAssemblies (130ms)
			RebuildTransferFunctionScriptingTraits (0ms)
			SetupTypeCache (571ms)
			ReleaseScriptCaches (2ms)
			RebuildScriptCaches (313ms)
			SetupLoadedEditorAssemblies (741ms)
				LogAssemblyErrors (0ms)
				InitializePlatformSupportModulesInManaged (5ms)
				SetLoadedEditorAssemblies (0ms)
				RefreshPlugins (170ms)
				BeforeProcessingInitializeOnLoad (215ms)
				ProcessInitializeOnLoadAttributes (290ms)
				ProcessInitializeOnLoadMethodAttributes (58ms)
				AfterProcessingInitializeOnLoad (3ms)
				EditorAssembliesLoaded (0ms)
			ExecutionOrderSort2 (0ms)
			AwakeInstancesAfterBackupRestoration (8ms)
Platform modules already initialized, skipping
========================================================================
Worker process is ready to serve import requests
Launched and connected shader compiler UnityShaderCompiler.exe after 0.11 seconds
Refreshing native plugins compatible for Editor in 1.14 ms, found 4 plugins.
Preloading 0 native plugins for Editor in 0.00 ms.
Unloading 4140 Unused Serialized files (Serialized files now loaded: 0)
Unloading 38 unused Assets / (56.3 KB). Loaded Objects now: 4598.
Memory consumption went from 155.7 MB to 155.7 MB.
Total: 3.822300 ms (FindLiveObjects: 0.561700 ms CreateObjectMapping: 0.442400 ms MarkObjects: 2.734200 ms  DeleteObjects: 0.082600 ms)

AssetImportParameters requested are different than current active one (requested -> active):
  custom:video-decoder-ogg-theora: a1e56fd34408186e4bbccfd4996cb3dc -> 
  custom:container-muxer-webm: aa71ff27fc2769a1b78a27578f13a17b -> 
  custom:container-demuxer-webm: 4f35f7cbe854078d1ac9338744f61a02 -> 
  custom:video-encoder-webm-vp8: eb34c28f22e8b96e1ab97ce403110664 -> 
  custom:video-codec-MediaFoundation-h265: 746d11721c4dcdbdad8f713fa42b33f4 -> 
  custom:audio-encoder-webm-vorbis: bf7c407c2cedff20999df2af8eb42d56 -> 
  custom:framework-win-MediaFoundation: 216162199b28c13a410421893ffa2e32 -> 
  custom:container-demuxer-ogg: 62fdf1f143b41e24485cea50d1cbac27 -> 
  custom:video-decoder-webm-vp8: 9c59270c3fd7afecdb556c50c9e8de78 -> 
  custom:audio-decoder-ogg-vorbis: bf7c407c2cedff20999df2af8eb42d56 -> 
========================================================================
Received Import Request.
  Time since last request: 40293.483677 seconds.
  path: Assets/Sprites/streets/level-7.1/house-4.png
  artifactKey: Guid(d4e494f5946d51a4984a75d3242f112b) Importer(815301076,1909f56bfc062723c751e8b465ee728b)
Start importing Assets/Sprites/streets/level-7.1/house-4.png using Guid(d4e494f5946d51a4984a75d3242f112b) Importer(815301076,1909f56bfc062723c751e8b465ee728b)  -> (artifact id: '3881b2efacc1f6efeebe3ebfaeb27b7b') in 0.283941 seconds 
========================================================================
Received Import Request.
  Time since last request: 2.177750 seconds.
  path: Assets/Sprites/streets/level-7.1/house-3.png
  artifactKey: Guid(c1f1a5a165eaa5141b558f286c63c9d9) Importer(815301076,1909f56bfc062723c751e8b465ee728b)
Start importing Assets/Sprites/streets/level-7.1/house-3.png using Guid(c1f1a5a165eaa5141b558f286c63c9d9) Importer(815301076,1909f56bfc062723c751e8b465ee728b)  -> (artifact id: '4d92b38eabb13fc72d657c6102a08ce2') in 0.236958 seconds 
========================================================================
Received Import Request.
  Time since last request: 2.502808 seconds.
  path: Assets/Sprites/streets/level-7.1/house-2.png
  artifactKey: Guid(68ebb1042f8291a49bf570ccd988eb0c) Importer(815301076,1909f56bfc062723c751e8b465ee728b)
Start importing Assets/Sprites/streets/level-7.1/house-2.png using Guid(68ebb1042f8291a49bf570ccd988eb0c) Importer(815301076,1909f56bfc062723c751e8b465ee728b)  -> (artifact id: 'ab831aa7685767a564af83be50a0d2ac') in 0.180314 seconds 
========================================================================
Received Import Request.
  Time since last request: 2.327624 seconds.
  path: Assets/Sprites/streets/level-7.1/house-1.png
  artifactKey: Guid(14ce96fb956db544cadb54fa89fb0d87) Importer(815301076,1909f56bfc062723c751e8b465ee728b)
Start importing Assets/Sprites/streets/level-7.1/house-1.png using Guid(14ce96fb956db544cadb54fa89fb0d87) Importer(815301076,1909f56bfc062723c751e8b465ee728b)  -> (artifact id: '6e49d9b1bdfba3b39b5d0b49de44e6ca') in 0.160830 seconds 
========================================================================
Received Import Request.
  Time since last request: 7.247877 seconds.
  path: Assets/Sprites/streets/level-7.2/level-7.2-street.png
  artifactKey: Guid(c88edb04ef3024d40a8a9e20302fbafc) Importer(815301076,1909f56bfc062723c751e8b465ee728b)
Start importing Assets/Sprites/streets/level-7.2/level-7.2-street.png using Guid(c88edb04ef3024d40a8a9e20302fbafc) Importer(815301076,1909f56bfc062723c751e8b465ee728b)  -> (artifact id: 'f0cfffe46f789120bac70b369c3065ea') in 1.153074 seconds 
========================================================================
Received Import Request.
  Time since last request: 2.950997 seconds.
  path: Assets/Sprites/streets/level-7.2/house-4.png
  artifactKey: Guid(9592a56a8be64a544944d2389546036e) Importer(815301076,1909f56bfc062723c751e8b465ee728b)
Start importing Assets/Sprites/streets/level-7.2/house-4.png using Guid(9592a56a8be64a544944d2389546036e) Importer(815301076,1909f56bfc062723c751e8b465ee728b)  -> (artifact id: 'df86c6c8a9556dbb789b5771c5cbc349') in 0.151229 seconds 
========================================================================
Received Import Request.
  Time since last request: 2.434189 seconds.
  path: Assets/Sprites/streets/level-7.2/house-3.png
  artifactKey: Guid(75a0e6c450fdc7343a7176414658ad26) Importer(815301076,1909f56bfc062723c751e8b465ee728b)
Start importing Assets/Sprites/streets/level-7.2/house-3.png using Guid(75a0e6c450fdc7343a7176414658ad26) Importer(815301076,1909f56bfc062723c751e8b465ee728b)  -> (artifact id: 'b63bb9aadc10c103653a5233a85a6b9c') in 0.155967 seconds 
========================================================================
Received Import Request.
  Time since last request: 2.415719 seconds.
  path: Assets/Sprites/streets/level-7.2/house-2.png
  artifactKey: Guid(5e453958323e3ab429121cb7a9c2d3a4) Importer(815301076,1909f56bfc062723c751e8b465ee728b)
Start importing Assets/Sprites/streets/level-7.2/house-2.png using Guid(5e453958323e3ab429121cb7a9c2d3a4) Importer(815301076,1909f56bfc062723c751e8b465ee728b)  -> (artifact id: '4e25eef9ae243aa4a324ccf287b87e61') in 0.214284 seconds 
========================================================================
Received Import Request.
  Time since last request: 2.356862 seconds.
  path: Assets/Sprites/streets/level-7.2/house-1.png
  artifactKey: Guid(e76068e89c8bb9146a9d62cfae918966) Importer(815301076,1909f56bfc062723c751e8b465ee728b)
Start importing Assets/Sprites/streets/level-7.2/house-1.png using Guid(e76068e89c8bb9146a9d62cfae918966) Importer(815301076,1909f56bfc062723c751e8b465ee728b)  -> (artifact id: '4ddb8be457bda2fc4654cfbc4139a73a') in 0.151707 seconds 
========================================================================
Received Import Request.
  Time since last request: 5.016098 seconds.
  path: Assets/Sprites/streets/level-7.3/level-7.3-street.png
  artifactKey: Guid(91a94c29ab5b0904aba4cb961870b6f1) Importer(815301076,1909f56bfc062723c751e8b465ee728b)
Start importing Assets/Sprites/streets/level-7.3/level-7.3-street.png using Guid(91a94c29ab5b0904aba4cb961870b6f1) Importer(815301076,1909f56bfc062723c751e8b465ee728b)  -> (artifact id: '5a595b81e5e06f23d66fe41ea1cd9d5a') in 0.889506 seconds 
========================================================================
Received Import Request.
  Time since last request: 2.367996 seconds.
  path: Assets/Sprites/streets/level-7.3/house-4.png
  artifactKey: Guid(3aaba052bb73720419b94eb3af90381f) Importer(815301076,1909f56bfc062723c751e8b465ee728b)
Start importing Assets/Sprites/streets/level-7.3/house-4.png using Guid(3aaba052bb73720419b94eb3af90381f) Importer(815301076,1909f56bfc062723c751e8b465ee728b)  -> (artifact id: '4b04a2850c0180efeda03ff0c737dc26') in 0.141134 seconds 
========================================================================
Received Import Request.
  Time since last request: 2.354692 seconds.
  path: Assets/Sprites/streets/level-7.3/house-3.png
  artifactKey: Guid(39eeac4005fb50148a2b02e7adba463d) Importer(815301076,1909f56bfc062723c751e8b465ee728b)
Start importing Assets/Sprites/streets/level-7.3/house-3.png using Guid(39eeac4005fb50148a2b02e7adba463d) Importer(815301076,1909f56bfc062723c751e8b465ee728b)  -> (artifact id: '76b1b9edc4f01b428a7f8f17d8749fa4') in 0.141852 seconds 
========================================================================
Received Import Request.
  Time since last request: 2.196403 seconds.
  path: Assets/Sprites/streets/level-7.3/house-2.png
  artifactKey: Guid(df3edde6dbf30a6408b7adbc539d68ef) Importer(815301076,1909f56bfc062723c751e8b465ee728b)
Start importing Assets/Sprites/streets/level-7.3/house-2.png using Guid(df3edde6dbf30a6408b7adbc539d68ef) Importer(815301076,1909f56bfc062723c751e8b465ee728b)  -> (artifact id: 'e86eac394813054fbb7daeb80877abe7') in 0.221669 seconds 
========================================================================
Received Import Request.
  Time since last request: 2.442607 seconds.
  path: Assets/Sprites/streets/level-7.3/house-1.png
  artifactKey: Guid(ff59d962e2160944eb3407fa95e2d68c) Importer(815301076,1909f56bfc062723c751e8b465ee728b)
Start importing Assets/Sprites/streets/level-7.3/house-1.png using Guid(ff59d962e2160944eb3407fa95e2d68c) Importer(815301076,1909f56bfc062723c751e8b465ee728b)  -> (artifact id: '6c21a15686b9a7460cd28449205babf1') in 0.156700 seconds 
========================================================================
Received Import Request.
  Time since last request: 7.316324 seconds.
  path: Assets/Sprites/streets/level-7.4/level-7.4-street.png
  artifactKey: Guid(60ed7fd8b01fbb24c974da5c69be4997) Importer(815301076,1909f56bfc062723c751e8b465ee728b)
Start importing Assets/Sprites/streets/level-7.4/level-7.4-street.png using Guid(60ed7fd8b01fbb24c974da5c69be4997) Importer(815301076,1909f56bfc062723c751e8b465ee728b)  -> (artifact id: 'e4888b18a1b36a09569b842de8baee36') in 0.984064 seconds 
========================================================================
Received Import Request.
  Time since last request: 3.771998 seconds.
  path: Assets/Sprites/streets/level-7.4/house-4.png
  artifactKey: Guid(32698f5ad6ff626438d7e6ed482f72d1) Importer(815301076,1909f56bfc062723c751e8b465ee728b)
Start importing Assets/Sprites/streets/level-7.4/house-4.png using Guid(32698f5ad6ff626438d7e6ed482f72d1) Importer(815301076,1909f56bfc062723c751e8b465ee728b)  -> (artifact id: '817b0b17db34db30bc79be8f41ca28e6') in 0.150214 seconds 
========================================================================
Received Import Request.
  Time since last request: 3.514302 seconds.
  path: Assets/Sprites/streets/level-7.4/house-3.png
  artifactKey: Guid(d8c734dd76a4d12448a9e16934554a4c) Importer(815301076,1909f56bfc062723c751e8b465ee728b)
Start importing Assets/Sprites/streets/level-7.4/house-3.png using Guid(d8c734dd76a4d12448a9e16934554a4c) Importer(815301076,1909f56bfc062723c751e8b465ee728b)  -> (artifact id: '42b3075e58c38b78e2188a453a6d65b8') in 0.160748 seconds 
========================================================================
Received Import Request.
  Time since last request: 2.623737 seconds.
  path: Assets/Sprites/streets/level-7.4/house-2.png
  artifactKey: Guid(723436c918dbac14a82e8acaf6ef4a91) Importer(815301076,1909f56bfc062723c751e8b465ee728b)
Start importing Assets/Sprites/streets/level-7.4/house-2.png using Guid(723436c918dbac14a82e8acaf6ef4a91) Importer(815301076,1909f56bfc062723c751e8b465ee728b)  -> (artifact id: '65d33f59fe1cc875168b53b781ccd5ca') in 0.157534 seconds 
========================================================================
Received Import Request.
  Time since last request: 3.060132 seconds.
  path: Assets/Sprites/streets/level-7.4/house-1.png
  artifactKey: Guid(f8178668c2e5b0c41b03e7d1e933022c) Importer(815301076,1909f56bfc062723c751e8b465ee728b)
Start importing Assets/Sprites/streets/level-7.4/house-1.png using Guid(f8178668c2e5b0c41b03e7d1e933022c) Importer(815301076,1909f56bfc062723c751e8b465ee728b)  -> (artifact id: '9fe3898dffd9e6ca8f3e93f630ff7927') in 0.157635 seconds 
========================================================================
Received Import Request.
  Time since last request: 4.323580 seconds.
  path: Assets/Sprites/streets/level-7.5/level-7.5-street.png
  artifactKey: Guid(8ed693148295f3b45b188d86a1fd1896) Importer(815301076,1909f56bfc062723c751e8b465ee728b)
Start importing Assets/Sprites/streets/level-7.5/level-7.5-street.png using Guid(8ed693148295f3b45b188d86a1fd1896) Importer(815301076,1909f56bfc062723c751e8b465ee728b)  -> (artifact id: '778b15971f9551422589f4547cf016b8') in 0.872422 seconds 
========================================================================
Received Import Request.
  Time since last request: 2.141331 seconds.
  path: Assets/Sprites/streets/level-7.5/house-4.png
  artifactKey: Guid(48eb5064cd7292f4d86a29fd61c7475a) Importer(815301076,1909f56bfc062723c751e8b465ee728b)
Start importing Assets/Sprites/streets/level-7.5/house-4.png using Guid(48eb5064cd7292f4d86a29fd61c7475a) Importer(815301076,1909f56bfc062723c751e8b465ee728b)  -> (artifact id: '5f2cbf1f261a8cc78e3cd7b1a64f51df') in 0.163157 seconds 
========================================================================
Received Import Request.
  Time since last request: 2.897707 seconds.
  path: Assets/Sprites/streets/level-7.5/house-3.png
  artifactKey: Guid(2afdd5461842c084298b9db1149b72b4) Importer(815301076,1909f56bfc062723c751e8b465ee728b)
Start importing Assets/Sprites/streets/level-7.5/house-3.png using Guid(2afdd5461842c084298b9db1149b72b4) Importer(815301076,1909f56bfc062723c751e8b465ee728b)  -> (artifact id: 'cbfbe322903ea2d85cb95a08d2135b08') in 0.143050 seconds 
========================================================================
Received Import Request.
  Time since last request: 2.258361 seconds.
  path: Assets/Sprites/streets/level-7.5/house-2.png
  artifactKey: Guid(882c909344642a04884b93305e0e2e67) Importer(815301076,1909f56bfc062723c751e8b465ee728b)
Start importing Assets/Sprites/streets/level-7.5/house-2.png using Guid(882c909344642a04884b93305e0e2e67) Importer(815301076,1909f56bfc062723c751e8b465ee728b)  -> (artifact id: '49f277873d87bbb93129482c89353655') in 0.150638 seconds 
========================================================================
Received Import Request.
  Time since last request: 2.804826 seconds.
  path: Assets/Sprites/streets/level-7.5/house-1.png
  artifactKey: Guid(6fd66fa29b82466498fafd6275ccdda4) Importer(815301076,1909f56bfc062723c751e8b465ee728b)
Start importing Assets/Sprites/streets/level-7.5/house-1.png using Guid(6fd66fa29b82466498fafd6275ccdda4) Importer(815301076,1909f56bfc062723c751e8b465ee728b)  -> (artifact id: '05e4617097583d9285c414084ea1eeca') in 0.135556 seconds 
========================================================================
Received Prepare
Registering precompiled user dll's ...
Registered in 0.005761 seconds.
Begin MonoManager ReloadAssembly
Symbol file LoadedFromMemory doesn't match image D:\Hwan\Thesis\RegEx Edugame\Library\PackageCache\com.unity.visualscripting@1.7.8\Editor\VisualScripting.Core\Dependencies\YamlDotNet\Unity.VisualScripting.YamlDotNet.dll
Symbol file LoadedFromMemory doesn't match image D:\Hwan\Thesis\RegEx Edugame\Library\PackageCache\com.unity.visualscripting@1.7.8\Editor\VisualScripting.Core\Dependencies\DotNetZip\Unity.VisualScripting.IonicZip.dll
Native extension for WindowsStandalone target not found
Refreshing native plugins compatible for Editor in 2.05 ms, found 4 plugins.
Preloading 0 native plugins for Editor in 0.00 ms.
Mono: successfully reloaded assembly
- Completed reload, in  3.224 seconds
Domain Reload Profiling:
	ReloadAssembly (3225ms)
		BeginReloadAssembly (443ms)
			ExecutionOrderSort (0ms)
			DisableScriptedObjects (25ms)
			BackupInstance (0ms)
			ReleaseScriptingObjects (0ms)
			CreateAndSetChildDomain (183ms)
		EndReloadAssembly (2467ms)
			LoadAssemblies (329ms)
			RebuildTransferFunctionScriptingTraits (0ms)
			SetupTypeCache (795ms)
			ReleaseScriptCaches (2ms)
			RebuildScriptCaches (123ms)
			SetupLoadedEditorAssemblies (1148ms)
				LogAssemblyErrors (0ms)
				InitializePlatformSupportModulesInManaged (29ms)
				SetLoadedEditorAssemblies (1ms)
				RefreshPlugins (2ms)
				BeforeProcessingInitializeOnLoad (152ms)
				ProcessInitializeOnLoadAttributes (802ms)
				ProcessInitializeOnLoadMethodAttributes (148ms)
				AfterProcessingInitializeOnLoad (13ms)
				EditorAssembliesLoaded (0ms)
			ExecutionOrderSort2 (0ms)
			AwakeInstancesAfterBackupRestoration (31ms)
Platform modules already initialized, skipping
Refreshing native plugins compatible for Editor in 2.97 ms, found 4 plugins.
Preloading 0 native plugins for Editor in 0.00 ms.
Unloading 4116 Unused Serialized files (Serialized files now loaded: 0)
Unloading 25 unused Assets / (24.7 KB). Loaded Objects now: 4611.
Memory consumption went from 158.1 MB to 158.1 MB.
Total: 6.851200 ms (FindLiveObjects: 0.331500 ms CreateObjectMapping: 0.261100 ms MarkObjects: 6.220200 ms  DeleteObjects: 0.036900 ms)

AssetImportParameters requested are different than current active one (requested -> active):
  custom:video-decoder-ogg-theora: a1e56fd34408186e4bbccfd4996cb3dc -> 
  custom:container-muxer-webm: aa71ff27fc2769a1b78a27578f13a17b -> 
  custom:container-demuxer-webm: 4f35f7cbe854078d1ac9338744f61a02 -> 
  custom:video-encoder-webm-vp8: eb34c28f22e8b96e1ab97ce403110664 -> 
  custom:video-codec-MediaFoundation-h265: 746d11721c4dcdbdad8f713fa42b33f4 -> 
  custom:audio-encoder-webm-vorbis: bf7c407c2cedff20999df2af8eb42d56 -> 
  custom:framework-win-MediaFoundation: 216162199b28c13a410421893ffa2e32 -> 
  custom:container-demuxer-ogg: 62fdf1f143b41e24485cea50d1cbac27 -> 
  custom:video-decoder-webm-vp8: 9c59270c3fd7afecdb556c50c9e8de78 -> 
  custom:audio-decoder-ogg-vorbis: bf7c407c2cedff20999df2af8eb42d56 -> 
========================================================================
Received Prepare
Registering precompiled user dll's ...
Registered in 0.008194 seconds.
Begin MonoManager ReloadAssembly
Symbol file LoadedFromMemory doesn't match image D:\Hwan\Thesis\RegEx Edugame\Library\PackageCache\com.unity.visualscripting@1.7.8\Editor\VisualScripting.Core\Dependencies\YamlDotNet\Unity.VisualScripting.YamlDotNet.dll
Symbol file LoadedFromMemory doesn't match image D:\Hwan\Thesis\RegEx Edugame\Library\PackageCache\com.unity.visualscripting@1.7.8\Editor\VisualScripting.Core\Dependencies\DotNetZip\Unity.VisualScripting.IonicZip.dll
Native extension for WindowsStandalone target not found
Refreshing native plugins compatible for Editor in 2.15 ms, found 4 plugins.
Preloading 0 native plugins for Editor in 0.00 ms.
Mono: successfully reloaded assembly
- Completed reload, in  3.204 seconds
Domain Reload Profiling:
	ReloadAssembly (3205ms)
		BeginReloadAssembly (208ms)
			ExecutionOrderSort (0ms)
			DisableScriptedObjects (12ms)
			BackupInstance (0ms)
			ReleaseScriptingObjects (0ms)
			CreateAndSetChildDomain (66ms)
		EndReloadAssembly (2758ms)
			LoadAssemblies (184ms)
			RebuildTransferFunctionScriptingTraits (0ms)
			SetupTypeCache (603ms)
			ReleaseScriptCaches (2ms)
			RebuildScriptCaches (103ms)
			SetupLoadedEditorAssemblies (1719ms)
				LogAssemblyErrors (0ms)
				InitializePlatformSupportModulesInManaged (33ms)
				SetLoadedEditorAssemblies (1ms)
				RefreshPlugins (2ms)
				BeforeProcessingInitializeOnLoad (1069ms)
				ProcessInitializeOnLoadAttributes (534ms)
				ProcessInitializeOnLoadMethodAttributes (76ms)
				AfterProcessingInitializeOnLoad (4ms)
				EditorAssembliesLoaded (0ms)
			ExecutionOrderSort2 (0ms)
			AwakeInstancesAfterBackupRestoration (20ms)
Platform modules already initialized, skipping
Refreshing native plugins compatible for Editor in 2.14 ms, found 4 plugins.
Preloading 0 native plugins for Editor in 0.00 ms.
Unloading 4116 Unused Serialized files (Serialized files now loaded: 0)
Unloading 25 unused Assets / (24.7 KB). Loaded Objects now: 4614.
Memory consumption went from 158.1 MB to 158.1 MB.
Total: 3.599700 ms (FindLiveObjects: 0.363600 ms CreateObjectMapping: 0.461300 ms MarkObjects: 2.743500 ms  DeleteObjects: 0.030300 ms)

AssetImportParameters requested are different than current active one (requested -> active):
  custom:video-decoder-ogg-theora: a1e56fd34408186e4bbccfd4996cb3dc -> 
  custom:container-muxer-webm: aa71ff27fc2769a1b78a27578f13a17b -> 
  custom:container-demuxer-webm: 4f35f7cbe854078d1ac9338744f61a02 -> 
  custom:video-encoder-webm-vp8: eb34c28f22e8b96e1ab97ce403110664 -> 
  custom:video-codec-MediaFoundation-h265: 746d11721c4dcdbdad8f713fa42b33f4 -> 
  custom:audio-encoder-webm-vorbis: bf7c407c2cedff20999df2af8eb42d56 -> 
  custom:framework-win-MediaFoundation: 216162199b28c13a410421893ffa2e32 -> 
  custom:container-demuxer-ogg: 62fdf1f143b41e24485cea50d1cbac27 -> 
  custom:video-decoder-webm-vp8: 9c59270c3fd7afecdb556c50c9e8de78 -> 
  custom:audio-decoder-ogg-vorbis: bf7c407c2cedff20999df2af8eb42d56 -> 
========================================================================
Received Prepare
Registering precompiled user dll's ...
Registered in 0.008804 seconds.
Begin MonoManager ReloadAssembly
Symbol file LoadedFromMemory doesn't match image D:\Hwan\Thesis\RegEx Edugame\Library\PackageCache\com.unity.visualscripting@1.7.8\Editor\VisualScripting.Core\Dependencies\YamlDotNet\Unity.VisualScripting.YamlDotNet.dll
Symbol file LoadedFromMemory doesn't match image D:\Hwan\Thesis\RegEx Edugame\Library\PackageCache\com.unity.visualscripting@1.7.8\Editor\VisualScripting.Core\Dependencies\DotNetZip\Unity.VisualScripting.IonicZip.dll
Native extension for WindowsStandalone target not found
Refreshing native plugins compatible for Editor in 3.65 ms, found 4 plugins.
Preloading 0 native plugins for Editor in 0.00 ms.
Mono: successfully reloaded assembly
- Completed reload, in  2.675 seconds
Domain Reload Profiling:
	ReloadAssembly (2676ms)
		BeginReloadAssembly (228ms)
			ExecutionOrderSort (1ms)
			DisableScriptedObjects (11ms)
			BackupInstance (0ms)
			ReleaseScriptingObjects (0ms)
			CreateAndSetChildDomain (59ms)
		EndReloadAssembly (2254ms)
			LoadAssemblies (198ms)
			RebuildTransferFunctionScriptingTraits (0ms)
			SetupTypeCache (549ms)
			ReleaseScriptCaches (12ms)
			RebuildScriptCaches (150ms)
			SetupLoadedEditorAssemblies (918ms)
				LogAssemblyErrors (0ms)
				InitializePlatformSupportModulesInManaged (60ms)
				SetLoadedEditorAssemblies (3ms)
				RefreshPlugins (4ms)
				BeforeProcessingInitializeOnLoad (294ms)
				ProcessInitializeOnLoadAttributes (440ms)
				ProcessInitializeOnLoadMethodAttributes (99ms)
				AfterProcessingInitializeOnLoad (16ms)
				EditorAssembliesLoaded (0ms)
			ExecutionOrderSort2 (0ms)
			AwakeInstancesAfterBackupRestoration (35ms)
Platform modules already initialized, skipping
Refreshing native plugins compatible for Editor in 2.39 ms, found 4 plugins.
Preloading 0 native plugins for Editor in 0.00 ms.
Unloading 4116 Unused Serialized files (Serialized files now loaded: 0)
Unloading 25 unused Assets / (24.7 KB). Loaded Objects now: 4617.
Memory consumption went from 158.1 MB to 158.1 MB.
Total: 3.164500 ms (FindLiveObjects: 0.438900 ms CreateObjectMapping: 0.309500 ms MarkObjects: 2.390100 ms  DeleteObjects: 0.024900 ms)

AssetImportParameters requested are different than current active one (requested -> active):
  custom:video-decoder-ogg-theora: a1e56fd34408186e4bbccfd4996cb3dc -> 
  custom:container-muxer-webm: aa71ff27fc2769a1b78a27578f13a17b -> 
  custom:container-demuxer-webm: 4f35f7cbe854078d1ac9338744f61a02 -> 
  custom:video-encoder-webm-vp8: eb34c28f22e8b96e1ab97ce403110664 -> 
  custom:video-codec-MediaFoundation-h265: 746d11721c4dcdbdad8f713fa42b33f4 -> 
  custom:audio-encoder-webm-vorbis: bf7c407c2cedff20999df2af8eb42d56 -> 
  custom:framework-win-MediaFoundation: 216162199b28c13a410421893ffa2e32 -> 
  custom:container-demuxer-ogg: 62fdf1f143b41e24485cea50d1cbac27 -> 
  custom:video-decoder-webm-vp8: 9c59270c3fd7afecdb556c50c9e8de78 -> 
  custom:audio-decoder-ogg-vorbis: bf7c407c2cedff20999df2af8eb42d56 -> 
========================================================================
Received Prepare
Registering precompiled user dll's ...
Registered in 0.010674 seconds.
Begin MonoManager ReloadAssembly
Symbol file LoadedFromMemory doesn't match image D:\Hwan\Thesis\RegEx Edugame\Library\PackageCache\com.unity.visualscripting@1.7.8\Editor\VisualScripting.Core\Dependencies\YamlDotNet\Unity.VisualScripting.YamlDotNet.dll
Symbol file LoadedFromMemory doesn't match image D:\Hwan\Thesis\RegEx Edugame\Library\PackageCache\com.unity.visualscripting@1.7.8\Editor\VisualScripting.Core\Dependencies\DotNetZip\Unity.VisualScripting.IonicZip.dll
Native extension for WindowsStandalone target not found
Refreshing native plugins compatible for Editor in 1.71 ms, found 4 plugins.
Preloading 0 native plugins for Editor in 0.00 ms.
Mono: successfully reloaded assembly
- Completed reload, in  2.261 seconds
Domain Reload Profiling:
	ReloadAssembly (2261ms)
		BeginReloadAssembly (194ms)
			ExecutionOrderSort (0ms)
			DisableScriptedObjects (10ms)
			BackupInstance (0ms)
			ReleaseScriptingObjects (0ms)
			CreateAndSetChildDomain (50ms)
		EndReloadAssembly (1921ms)
			LoadAssemblies (242ms)
			RebuildTransferFunctionScriptingTraits (0ms)
			SetupTypeCache (635ms)
			ReleaseScriptCaches (3ms)
			RebuildScriptCaches (150ms)
			SetupLoadedEditorAssemblies (779ms)
				LogAssemblyErrors (0ms)
				InitializePlatformSupportModulesInManaged (22ms)
				SetLoadedEditorAssemblies (1ms)
				RefreshPlugins (2ms)
				BeforeProcessingInitializeOnLoad (141ms)
				ProcessInitializeOnLoadAttributes (524ms)
				ProcessInitializeOnLoadMethodAttributes (84ms)
				AfterProcessingInitializeOnLoad (6ms)
				EditorAssembliesLoaded (0ms)
			ExecutionOrderSort2 (0ms)
			AwakeInstancesAfterBackupRestoration (16ms)
Platform modules already initialized, skipping
Refreshing native plugins compatible for Editor in 5.70 ms, found 4 plugins.
Preloading 0 native plugins for Editor in 0.00 ms.
Unloading 4116 Unused Serialized files (Serialized files now loaded: 0)
Unloading 25 unused Assets / (24.7 KB). Loaded Objects now: 4620.
Memory consumption went from 158.1 MB to 158.1 MB.
Total: 4.345500 ms (FindLiveObjects: 0.352800 ms CreateObjectMapping: 0.368600 ms MarkObjects: 3.592100 ms  DeleteObjects: 0.030400 ms)

AssetImportParameters requested are different than current active one (requested -> active):
  custom:video-decoder-ogg-theora: a1e56fd34408186e4bbccfd4996cb3dc -> 
  custom:container-muxer-webm: aa71ff27fc2769a1b78a27578f13a17b -> 
  custom:container-demuxer-webm: 4f35f7cbe854078d1ac9338744f61a02 -> 
  custom:video-encoder-webm-vp8: eb34c28f22e8b96e1ab97ce403110664 -> 
  custom:video-codec-MediaFoundation-h265: 746d11721c4dcdbdad8f713fa42b33f4 -> 
  custom:audio-encoder-webm-vorbis: bf7c407c2cedff20999df2af8eb42d56 -> 
  custom:framework-win-MediaFoundation: 216162199b28c13a410421893ffa2e32 -> 
  custom:container-demuxer-ogg: 62fdf1f143b41e24485cea50d1cbac27 -> 
  custom:video-decoder-webm-vp8: 9c59270c3fd7afecdb556c50c9e8de78 -> 
  custom:audio-decoder-ogg-vorbis: bf7c407c2cedff20999df2af8eb42d56 -> 
========================================================================
Received Import Request.
  Time since last request: 2864.156562 seconds.
  path: Assets/Scenes/Level 3.1/DroneMove.unity
  artifactKey: Guid(0fc436194a767f943a5d098b9477fc48) Importer(815301076,1909f56bfc062723c751e8b465ee728b)
Start importing Assets/Scenes/Level 3.1/DroneMove.unity using Guid(0fc436194a767f943a5d098b9477fc48) Importer(815301076,1909f56bfc062723c751e8b465ee728b)  -> (artifact id: '5a9fb0169ed4f2f7ace39e3a72dcd871') in 0.025101 seconds 
========================================================================
Received Import Request.
  Time since last request: 168.701031 seconds.
  path: Assets/Sprites/houses/level-3.1/house-1 1.png
  artifactKey: Guid(234ecb4a9b1fbb54988d27fa069c46b7) Importer(815301076,1909f56bfc062723c751e8b465ee728b)
Start importing Assets/Sprites/houses/level-3.1/house-1 1.png using Guid(234ecb4a9b1fbb54988d27fa069c46b7) Importer(815301076,1909f56bfc062723c751e8b465ee728b)  -> (artifact id: '91c1d2ba5e44267dd3b1ac1788aa82c5') in 4.120351 seconds 
========================================================================
Received Import Request.
  Time since last request: 797.793261 seconds.
  path: Assets/Sprites/streets/level-3.2/house-1.png
  artifactKey: Guid(ee25ae80de09ea64f9a7a41cd0cfb5fc) Importer(815301076,1909f56bfc062723c751e8b465ee728b)
Start importing Assets/Sprites/streets/level-3.2/house-1.png using Guid(ee25ae80de09ea64f9a7a41cd0cfb5fc) Importer(815301076,1909f56bfc062723c751e8b465ee728b)  -> (artifact id: '8285f836442eaee2242f96c20a8a3929') in 0.280043 seconds 
========================================================================
Received Prepare
Registering precompiled user dll's ...
Registered in 0.006472 seconds.
Begin MonoManager ReloadAssembly
Symbol file LoadedFromMemory doesn't match image D:\Hwan\Thesis\RegEx Edugame\Library\PackageCache\com.unity.visualscripting@1.7.8\Editor\VisualScripting.Core\Dependencies\YamlDotNet\Unity.VisualScripting.YamlDotNet.dll
Symbol file LoadedFromMemory doesn't match image D:\Hwan\Thesis\RegEx Edugame\Library\PackageCache\com.unity.visualscripting@1.7.8\Editor\VisualScripting.Core\Dependencies\DotNetZip\Unity.VisualScripting.IonicZip.dll
Native extension for WindowsStandalone target not found
Refreshing native plugins compatible for Editor in 1.19 ms, found 4 plugins.
Preloading 0 native plugins for Editor in 0.00 ms.
Mono: successfully reloaded assembly
- Completed reload, in  1.568 seconds
Domain Reload Profiling:
	ReloadAssembly (1570ms)
		BeginReloadAssembly (161ms)
			ExecutionOrderSort (0ms)
			DisableScriptedObjects (8ms)
			BackupInstance (0ms)
			ReleaseScriptingObjects (0ms)
			CreateAndSetChildDomain (48ms)
		EndReloadAssembly (1290ms)
			LoadAssemblies (116ms)
			RebuildTransferFunctionScriptingTraits (0ms)
			SetupTypeCache (486ms)
			ReleaseScriptCaches (2ms)
			RebuildScriptCaches (73ms)
			SetupLoadedEditorAssemblies (525ms)
				LogAssemblyErrors (0ms)
				InitializePlatformSupportModulesInManaged (26ms)
				SetLoadedEditorAssemblies (1ms)
				RefreshPlugins (1ms)
				BeforeProcessingInitializeOnLoad (146ms)
				ProcessInitializeOnLoadAttributes (291ms)
				ProcessInitializeOnLoadMethodAttributes (56ms)
				AfterProcessingInitializeOnLoad (4ms)
				EditorAssembliesLoaded (0ms)
			ExecutionOrderSort2 (0ms)
			AwakeInstancesAfterBackupRestoration (14ms)
Platform modules already initialized, skipping
Refreshing native plugins compatible for Editor in 2.78 ms, found 4 plugins.
Preloading 0 native plugins for Editor in 0.00 ms.
Unloading 4116 Unused Serialized files (Serialized files now loaded: 0)
Unloading 25 unused Assets / (24.7 KB). Loaded Objects now: 4623.
Memory consumption went from 158.1 MB to 158.1 MB.
Total: 4.984400 ms (FindLiveObjects: 0.382300 ms CreateObjectMapping: 0.278400 ms MarkObjects: 4.266400 ms  DeleteObjects: 0.055900 ms)

AssetImportParameters requested are different than current active one (requested -> active):
  custom:video-decoder-ogg-theora: a1e56fd34408186e4bbccfd4996cb3dc -> 
  custom:container-muxer-webm: aa71ff27fc2769a1b78a27578f13a17b -> 
  custom:container-demuxer-webm: 4f35f7cbe854078d1ac9338744f61a02 -> 
  custom:video-encoder-webm-vp8: eb34c28f22e8b96e1ab97ce403110664 -> 
  custom:video-codec-MediaFoundation-h265: 746d11721c4dcdbdad8f713fa42b33f4 -> 
  custom:audio-encoder-webm-vorbis: bf7c407c2cedff20999df2af8eb42d56 -> 
  custom:framework-win-MediaFoundation: 216162199b28c13a410421893ffa2e32 -> 
  custom:container-demuxer-ogg: 62fdf1f143b41e24485cea50d1cbac27 -> 
  custom:video-decoder-webm-vp8: 9c59270c3fd7afecdb556c50c9e8de78 -> 
  custom:audio-decoder-ogg-vorbis: bf7c407c2cedff20999df2af8eb42d56 -> 
========================================================================
Received Import Request.
  Time since last request: 709.982715 seconds.
  path: Assets/Sprites/animations/Drone/colored-drone-left-animation.png
  artifactKey: Guid(e87b9bacc70cbc84d87342da24c7fdc4) Importer(815301076,1909f56bfc062723c751e8b465ee728b)
Start importing Assets/Sprites/animations/Drone/colored-drone-left-animation.png using Guid(e87b9bacc70cbc84d87342da24c7fdc4) Importer(815301076,1909f56bfc062723c751e8b465ee728b)  -> (artifact id: '4914466748da63495d9a6f6b0b58cbc9') in 0.284037 seconds 
========================================================================
Received Import Request.
  Time since last request: 48.823897 seconds.
  path: Assets/Scenes/Level 3.1/DroneMove.unity
  artifactKey: Guid(0fc436194a767f943a5d098b9477fc48) Importer(815301076,1909f56bfc062723c751e8b465ee728b)
Start importing Assets/Scenes/Level 3.1/DroneMove.unity using Guid(0fc436194a767f943a5d098b9477fc48) Importer(815301076,1909f56bfc062723c751e8b465ee728b)  -> (artifact id: '951503b458b06e821ff7e24f46887d0e') in 0.002783 seconds 
========================================================================
Received Import Request.
  Time since last request: 4.617083 seconds.
  path: Assets/Scenes/Level 3.2/DroneMove.unity
  artifactKey: Guid(2d943aed7098b954c8c84d72df55f873) Importer(815301076,1909f56bfc062723c751e8b465ee728b)
Start importing Assets/Scenes/Level 3.2/DroneMove.unity using Guid(2d943aed7098b954c8c84d72df55f873) Importer(815301076,1909f56bfc062723c751e8b465ee728b)  -> (artifact id: '51f4d841fc8921822412beaa97159d42') in 0.011233 seconds 
========================================================================
Received Prepare
Registering precompiled user dll's ...
Registered in 0.005698 seconds.
Begin MonoManager ReloadAssembly
Symbol file LoadedFromMemory doesn't match image D:\Hwan\Thesis\RegEx Edugame\Library\PackageCache\com.unity.visualscripting@1.7.8\Editor\VisualScripting.Core\Dependencies\YamlDotNet\Unity.VisualScripting.YamlDotNet.dll
Symbol file LoadedFromMemory doesn't match image D:\Hwan\Thesis\RegEx Edugame\Library\PackageCache\com.unity.visualscripting@1.7.8\Editor\VisualScripting.Core\Dependencies\DotNetZip\Unity.VisualScripting.IonicZip.dll
Native extension for WindowsStandalone target not found
Refreshing native plugins compatible for Editor in 0.91 ms, found 4 plugins.
Preloading 0 native plugins for Editor in 0.00 ms.
Mono: successfully reloaded assembly
- Completed reload, in  1.528 seconds
Domain Reload Profiling:
	ReloadAssembly (1529ms)
		BeginReloadAssembly (155ms)
			ExecutionOrderSort (0ms)
			DisableScriptedObjects (7ms)
			BackupInstance (0ms)
			ReleaseScriptingObjects (0ms)
			CreateAndSetChildDomain (44ms)
		EndReloadAssembly (1235ms)
			LoadAssemblies (111ms)
			RebuildTransferFunctionScriptingTraits (0ms)
			SetupTypeCache (421ms)
			ReleaseScriptCaches (2ms)
			RebuildScriptCaches (85ms)
			SetupLoadedEditorAssemblies (532ms)
				LogAssemblyErrors (0ms)
				InitializePlatformSupportModulesInManaged (28ms)
				SetLoadedEditorAssemblies (1ms)
				RefreshPlugins (1ms)
				BeforeProcessingInitializeOnLoad (90ms)
				ProcessInitializeOnLoadAttributes (332ms)
				ProcessInitializeOnLoadMethodAttributes (74ms)
				AfterProcessingInitializeOnLoad (6ms)
				EditorAssembliesLoaded (0ms)
			ExecutionOrderSort2 (0ms)
			AwakeInstancesAfterBackupRestoration (16ms)
Platform modules already initialized, skipping
Refreshing native plugins compatible for Editor in 3.78 ms, found 4 plugins.
Preloading 0 native plugins for Editor in 0.00 ms.
Unloading 4116 Unused Serialized files (Serialized files now loaded: 0)
Unloading 25 unused Assets / (24.7 KB). Loaded Objects now: 4637.
Memory consumption went from 158.1 MB to 158.1 MB.
Total: 6.204500 ms (FindLiveObjects: 0.359500 ms CreateObjectMapping: 0.256600 ms MarkObjects: 5.510700 ms  DeleteObjects: 0.076200 ms)

AssetImportParameters requested are different than current active one (requested -> active):
  custom:video-decoder-ogg-theora: a1e56fd34408186e4bbccfd4996cb3dc -> 
  custom:container-muxer-webm: aa71ff27fc2769a1b78a27578f13a17b -> 
  custom:container-demuxer-webm: 4f35f7cbe854078d1ac9338744f61a02 -> 
  custom:video-encoder-webm-vp8: eb34c28f22e8b96e1ab97ce403110664 -> 
  custom:video-codec-MediaFoundation-h265: 746d11721c4dcdbdad8f713fa42b33f4 -> 
  custom:audio-encoder-webm-vorbis: bf7c407c2cedff20999df2af8eb42d56 -> 
  custom:framework-win-MediaFoundation: 216162199b28c13a410421893ffa2e32 -> 
  custom:container-demuxer-ogg: 62fdf1f143b41e24485cea50d1cbac27 -> 
  custom:video-decoder-webm-vp8: 9c59270c3fd7afecdb556c50c9e8de78 -> 
  custom:audio-decoder-ogg-vorbis: bf7c407c2cedff20999df2af8eb42d56 -> 
========================================================================
Received Prepare
Registering precompiled user dll's ...
Registered in 0.006086 seconds.
Begin MonoManager ReloadAssembly
Symbol file LoadedFromMemory doesn't match image D:\Hwan\Thesis\RegEx Edugame\Library\PackageCache\com.unity.visualscripting@1.7.8\Editor\VisualScripting.Core\Dependencies\YamlDotNet\Unity.VisualScripting.YamlDotNet.dll
Symbol file LoadedFromMemory doesn't match image D:\Hwan\Thesis\RegEx Edugame\Library\PackageCache\com.unity.visualscripting@1.7.8\Editor\VisualScripting.Core\Dependencies\DotNetZip\Unity.VisualScripting.IonicZip.dll
Native extension for WindowsStandalone target not found
Refreshing native plugins compatible for Editor in 1.08 ms, found 4 plugins.
Preloading 0 native plugins for Editor in 0.00 ms.
Mono: successfully reloaded assembly
- Completed reload, in  1.422 seconds
Domain Reload Profiling:
	ReloadAssembly (1422ms)
		BeginReloadAssembly (179ms)
			ExecutionOrderSort (0ms)
			DisableScriptedObjects (10ms)
			BackupInstance (0ms)
			ReleaseScriptingObjects (0ms)
			CreateAndSetChildDomain (45ms)
		EndReloadAssembly (1133ms)
			LoadAssemblies (133ms)
			RebuildTransferFunctionScriptingTraits (0ms)
			SetupTypeCache (386ms)
			ReleaseScriptCaches (2ms)
			RebuildScriptCaches (81ms)
			SetupLoadedEditorAssemblies (454ms)
				LogAssemblyErrors (0ms)
				InitializePlatformSupportModulesInManaged (15ms)
				SetLoadedEditorAssemblies (1ms)
				RefreshPlugins (1ms)
				BeforeProcessingInitializeOnLoad (92ms)
				ProcessInitializeOnLoadAttributes (286ms)
				ProcessInitializeOnLoadMethodAttributes (56ms)
				AfterProcessingInitializeOnLoad (4ms)
				EditorAssembliesLoaded (0ms)
			ExecutionOrderSort2 (0ms)
			AwakeInstancesAfterBackupRestoration (14ms)
Platform modules already initialized, skipping
Refreshing native plugins compatible for Editor in 2.81 ms, found 4 plugins.
Preloading 0 native plugins for Editor in 0.00 ms.
Unloading 4116 Unused Serialized files (Serialized files now loaded: 0)
Unloading 25 unused Assets / (24.7 KB). Loaded Objects now: 4640.
Memory consumption went from 158.2 MB to 158.1 MB.
Total: 4.062700 ms (FindLiveObjects: 0.342500 ms CreateObjectMapping: 0.266000 ms MarkObjects: 3.422500 ms  DeleteObjects: 0.030700 ms)

AssetImportParameters requested are different than current active one (requested -> active):
  custom:video-decoder-ogg-theora: a1e56fd34408186e4bbccfd4996cb3dc -> 
  custom:container-muxer-webm: aa71ff27fc2769a1b78a27578f13a17b -> 
  custom:container-demuxer-webm: 4f35f7cbe854078d1ac9338744f61a02 -> 
  custom:video-encoder-webm-vp8: eb34c28f22e8b96e1ab97ce403110664 -> 
  custom:video-codec-MediaFoundation-h265: 746d11721c4dcdbdad8f713fa42b33f4 -> 
  custom:audio-encoder-webm-vorbis: bf7c407c2cedff20999df2af8eb42d56 -> 
  custom:framework-win-MediaFoundation: 216162199b28c13a410421893ffa2e32 -> 
  custom:container-demuxer-ogg: 62fdf1f143b41e24485cea50d1cbac27 -> 
  custom:video-decoder-webm-vp8: 9c59270c3fd7afecdb556c50c9e8de78 -> 
  custom:audio-decoder-ogg-vorbis: bf7c407c2cedff20999df2af8eb42d56 -> 
========================================================================
Received Prepare
Registering precompiled user dll's ...
Registered in 0.006504 seconds.
Begin MonoManager ReloadAssembly
Symbol file LoadedFromMemory doesn't match image D:\Hwan\Thesis\RegEx Edugame\Library\PackageCache\com.unity.visualscripting@1.7.8\Editor\VisualScripting.Core\Dependencies\YamlDotNet\Unity.VisualScripting.YamlDotNet.dll
Symbol file LoadedFromMemory doesn't match image D:\Hwan\Thesis\RegEx Edugame\Library\PackageCache\com.unity.visualscripting@1.7.8\Editor\VisualScripting.Core\Dependencies\DotNetZip\Unity.VisualScripting.IonicZip.dll
Native extension for WindowsStandalone target not found
Refreshing native plugins compatible for Editor in 0.94 ms, found 4 plugins.
Preloading 0 native plugins for Editor in 0.00 ms.
Mono: successfully reloaded assembly
- Completed reload, in  1.548 seconds
Domain Reload Profiling:
	ReloadAssembly (1549ms)
		BeginReloadAssembly (152ms)
			ExecutionOrderSort (0ms)
			DisableScriptedObjects (10ms)
			BackupInstance (0ms)
			ReleaseScriptingObjects (0ms)
			CreateAndSetChildDomain (42ms)
		EndReloadAssembly (1278ms)
			LoadAssemblies (217ms)
			RebuildTransferFunctionScriptingTraits (0ms)
			SetupTypeCache (341ms)
			ReleaseScriptCaches (2ms)
			RebuildScriptCaches (91ms)
			SetupLoadedEditorAssemblies (512ms)
				LogAssemblyErrors (0ms)
				InitializePlatformSupportModulesInManaged (15ms)
				SetLoadedEditorAssemblies (1ms)
				RefreshPlugins (1ms)
				BeforeProcessingInitializeOnLoad (99ms)
				ProcessInitializeOnLoadAttributes (330ms)
				ProcessInitializeOnLoadMethodAttributes (62ms)
				AfterProcessingInitializeOnLoad (4ms)
				EditorAssembliesLoaded (0ms)
			ExecutionOrderSort2 (0ms)
			AwakeInstancesAfterBackupRestoration (16ms)
Platform modules already initialized, skipping
Refreshing native plugins compatible for Editor in 3.69 ms, found 4 plugins.
Preloading 0 native plugins for Editor in 0.00 ms.
Unloading 4116 Unused Serialized files (Serialized files now loaded: 0)
Unloading 25 unused Assets / (24.7 KB). Loaded Objects now: 4643.
Memory consumption went from 158.2 MB to 158.1 MB.
Total: 4.239600 ms (FindLiveObjects: 0.550200 ms CreateObjectMapping: 0.393300 ms MarkObjects: 3.248400 ms  DeleteObjects: 0.046100 ms)

AssetImportParameters requested are different than current active one (requested -> active):
  custom:video-decoder-ogg-theora: a1e56fd34408186e4bbccfd4996cb3dc -> 
  custom:container-muxer-webm: aa71ff27fc2769a1b78a27578f13a17b -> 
  custom:container-demuxer-webm: 4f35f7cbe854078d1ac9338744f61a02 -> 
  custom:video-encoder-webm-vp8: eb34c28f22e8b96e1ab97ce403110664 -> 
  custom:video-codec-MediaFoundation-h265: 746d11721c4dcdbdad8f713fa42b33f4 -> 
  custom:audio-encoder-webm-vorbis: bf7c407c2cedff20999df2af8eb42d56 -> 
  custom:framework-win-MediaFoundation: 216162199b28c13a410421893ffa2e32 -> 
  custom:container-demuxer-ogg: 62fdf1f143b41e24485cea50d1cbac27 -> 
  custom:video-decoder-webm-vp8: 9c59270c3fd7afecdb556c50c9e8de78 -> 
  custom:audio-decoder-ogg-vorbis: bf7c407c2cedff20999df2af8eb42d56 -> 
========================================================================
Received Prepare
Registering precompiled user dll's ...
Registered in 0.009703 seconds.
Begin MonoManager ReloadAssembly
Symbol file LoadedFromMemory doesn't match image D:\Hwan\Thesis\RegEx Edugame\Library\PackageCache\com.unity.visualscripting@1.7.8\Editor\VisualScripting.Core\Dependencies\YamlDotNet\Unity.VisualScripting.YamlDotNet.dll
Symbol file LoadedFromMemory doesn't match image D:\Hwan\Thesis\RegEx Edugame\Library\PackageCache\com.unity.visualscripting@1.7.8\Editor\VisualScripting.Core\Dependencies\DotNetZip\Unity.VisualScripting.IonicZip.dll
Native extension for WindowsStandalone target not found
Refreshing native plugins compatible for Editor in 2.98 ms, found 4 plugins.
Preloading 0 native plugins for Editor in 0.00 ms.
Mono: successfully reloaded assembly
- Completed reload, in  1.315 seconds
Domain Reload Profiling:
	ReloadAssembly (1316ms)
		BeginReloadAssembly (146ms)
			ExecutionOrderSort (0ms)
			DisableScriptedObjects (8ms)
			BackupInstance (0ms)
			ReleaseScriptingObjects (0ms)
			CreateAndSetChildDomain (45ms)
		EndReloadAssembly (1062ms)
			LoadAssemblies (118ms)
			RebuildTransferFunctionScriptingTraits (0ms)
			SetupTypeCache (320ms)
			ReleaseScriptCaches (2ms)
			RebuildScriptCaches (66ms)
			SetupLoadedEditorAssemblies (484ms)
				LogAssemblyErrors (0ms)
				InitializePlatformSupportModulesInManaged (19ms)
				SetLoadedEditorAssemblies (1ms)
				RefreshPlugins (3ms)
				BeforeProcessingInitializeOnLoad (93ms)
				ProcessInitializeOnLoadAttributes (303ms)
				ProcessInitializeOnLoadMethodAttributes (60ms)
				AfterProcessingInitializeOnLoad (5ms)
				EditorAssembliesLoaded (0ms)
			ExecutionOrderSort2 (0ms)
			AwakeInstancesAfterBackupRestoration (14ms)
Platform modules already initialized, skipping
Refreshing native plugins compatible for Editor in 4.26 ms, found 4 plugins.
Preloading 0 native plugins for Editor in 0.00 ms.
Unloading 4116 Unused Serialized files (Serialized files now loaded: 0)
Unloading 25 unused Assets / (24.7 KB). Loaded Objects now: 4646.
Memory consumption went from 158.2 MB to 158.1 MB.
Total: 6.008100 ms (FindLiveObjects: 0.377900 ms CreateObjectMapping: 0.489700 ms MarkObjects: 5.069700 ms  DeleteObjects: 0.069600 ms)

AssetImportParameters requested are different than current active one (requested -> active):
  custom:video-decoder-ogg-theora: a1e56fd34408186e4bbccfd4996cb3dc -> 
  custom:container-muxer-webm: aa71ff27fc2769a1b78a27578f13a17b -> 
  custom:container-demuxer-webm: 4f35f7cbe854078d1ac9338744f61a02 -> 
  custom:video-encoder-webm-vp8: eb34c28f22e8b96e1ab97ce403110664 -> 
  custom:video-codec-MediaFoundation-h265: 746d11721c4dcdbdad8f713fa42b33f4 -> 
  custom:audio-encoder-webm-vorbis: bf7c407c2cedff20999df2af8eb42d56 -> 
  custom:framework-win-MediaFoundation: 216162199b28c13a410421893ffa2e32 -> 
  custom:container-demuxer-ogg: 62fdf1f143b41e24485cea50d1cbac27 -> 
  custom:video-decoder-webm-vp8: 9c59270c3fd7afecdb556c50c9e8de78 -> 
  custom:audio-decoder-ogg-vorbis: bf7c407c2cedff20999df2af8eb42d56 -> 
========================================================================
Received Import Request.
  Time since last request: 857.756150 seconds.
  path: Assets/Prefabs/Chips.prefab
  artifactKey: Guid(9f800cdfb55d070448218ffce056c1c3) Importer(815301076,1909f56bfc062723c751e8b465ee728b)
Start importing Assets/Prefabs/Chips.prefab using Guid(9f800cdfb55d070448218ffce056c1c3) Importer(815301076,1909f56bfc062723c751e8b465ee728b)  -> (artifact id: '6cbdd4ddb5376aeba43bb2a5e8a6e58e') in 0.195158 seconds 
========================================================================
Received Import Request.
  Time since last request: 18.887335 seconds.
  path: Assets/Prefabs/Chips.prefab
  artifactKey: Guid(9f800cdfb55d070448218ffce056c1c3) Importer(815301076,1909f56bfc062723c751e8b465ee728b)
Start importing Assets/Prefabs/Chips.prefab using Guid(9f800cdfb55d070448218ffce056c1c3) Importer(815301076,1909f56bfc062723c751e8b465ee728b)  -> (artifact id: '7fad654aab064433abe527f45413c3bc') in 0.032247 seconds 
========================================================================
Received Import Request.
  Time since last request: 50.542308 seconds.
  path: Assets/Scenes/Level 3.2/DroneMove.unity
  artifactKey: Guid(2d943aed7098b954c8c84d72df55f873) Importer(815301076,1909f56bfc062723c751e8b465ee728b)
Start importing Assets/Scenes/Level 3.2/DroneMove.unity using Guid(2d943aed7098b954c8c84d72df55f873) Importer(815301076,1909f56bfc062723c751e8b465ee728b)  -> (artifact id: '0433a4a30812ee767c62a1b8aab84fdd') in 0.008524 seconds 
========================================================================
Received Import Request.
  Time since last request: 2.717935 seconds.
  path: Assets/Scenes/Level 3.3/DroneMove.unity
  artifactKey: Guid(6ac2b3b06cfa74c4b8ee6e69996a7bba) Importer(815301076,1909f56bfc062723c751e8b465ee728b)
Start importing Assets/Scenes/Level 3.3/DroneMove.unity using Guid(6ac2b3b06cfa74c4b8ee6e69996a7bba) Importer(815301076,1909f56bfc062723c751e8b465ee728b)  -> (artifact id: 'd8aee24c50107a8618187a199e29ae19') in 0.003693 seconds 
========================================================================
Received Import Request.
  Time since last request: 2.043582 seconds.
  path: Assets/Scenes/Level 3.3/DroneMove.unity
  artifactKey: Guid(851f532ee64287148bd81b01b451cd9d) Importer(815301076,1909f56bfc062723c751e8b465ee728b)
Start importing Assets/Scenes/Level 3.3/DroneMove.unity using Guid(851f532ee64287148bd81b01b451cd9d) Importer(815301076,1909f56bfc062723c751e8b465ee728b)  -> (artifact id: '3f38166b7e530ff4ff35dc25be5325d7') in 0.004104 seconds 
========================================================================
Received Import Request.
  Time since last request: 12.411637 seconds.
  path: Assets/Sprites/houses/level-3.3/house-1.png
  artifactKey: Guid(a96f8df15d2461e449f2af6f2340c497) Importer(815301076,1909f56bfc062723c751e8b465ee728b)
Start importing Assets/Sprites/houses/level-3.3/house-1.png using Guid(a96f8df15d2461e449f2af6f2340c497) Importer(815301076,1909f56bfc062723c751e8b465ee728b)  -> (artifact id: '0ad84563ec46df881cf9e94ec4043310') in 0.558851 seconds 
========================================================================
Received Import Request.
  Time since last request: 0.000027 seconds.
  path: Assets/Sprites/houses/level-3.3/house-3.png
  artifactKey: Guid(6ceca5ed4eff3c24787cc68d6e9d3bb3) Importer(815301076,1909f56bfc062723c751e8b465ee728b)
Start importing Assets/Sprites/houses/level-3.3/house-3.png using Guid(6ceca5ed4eff3c24787cc68d6e9d3bb3) Importer(815301076,1909f56bfc062723c751e8b465ee728b)  -> (artifact id: '19b39cbe4046027ae76a37c94604ecca') in 0.320315 seconds 
========================================================================
Received Import Request.
  Time since last request: 2.951254 seconds.
  path: Assets/Sprites/streets/level-3.3/house-1.png
  artifactKey: Guid(699ef810bf79e0540ac01c03a48dff89) Importer(815301076,1909f56bfc062723c751e8b465ee728b)
Start importing Assets/Sprites/streets/level-3.3/house-1.png using Guid(699ef810bf79e0540ac01c03a48dff89) Importer(815301076,1909f56bfc062723c751e8b465ee728b)  -> (artifact id: '238bacfd6ddb5b9f1a85a64474a65384') in 0.280284 seconds 
========================================================================
Received Prepare
Registering precompiled user dll's ...
Registered in 0.006961 seconds.
Begin MonoManager ReloadAssembly
Symbol file LoadedFromMemory doesn't match image D:\Hwan\Thesis\RegEx Edugame\Library\PackageCache\com.unity.visualscripting@1.7.8\Editor\VisualScripting.Core\Dependencies\YamlDotNet\Unity.VisualScripting.YamlDotNet.dll
Symbol file LoadedFromMemory doesn't match image D:\Hwan\Thesis\RegEx Edugame\Library\PackageCache\com.unity.visualscripting@1.7.8\Editor\VisualScripting.Core\Dependencies\DotNetZip\Unity.VisualScripting.IonicZip.dll
Native extension for WindowsStandalone target not found
Refreshing native plugins compatible for Editor in 0.91 ms, found 4 plugins.
Preloading 0 native plugins for Editor in 0.00 ms.
Mono: successfully reloaded assembly
- Completed reload, in  1.267 seconds
Domain Reload Profiling:
	ReloadAssembly (1268ms)
		BeginReloadAssembly (150ms)
			ExecutionOrderSort (0ms)
			DisableScriptedObjects (7ms)
			BackupInstance (0ms)
			ReleaseScriptingObjects (0ms)
			CreateAndSetChildDomain (42ms)
		EndReloadAssembly (1005ms)
			LoadAssemblies (119ms)
			RebuildTransferFunctionScriptingTraits (0ms)
			SetupTypeCache (292ms)
			ReleaseScriptCaches (2ms)
			RebuildScriptCaches (63ms)
			SetupLoadedEditorAssemblies (450ms)
				LogAssemblyErrors (0ms)
				InitializePlatformSupportModulesInManaged (16ms)
				SetLoadedEditorAssemblies (1ms)
				RefreshPlugins (1ms)
				BeforeProcessingInitializeOnLoad (90ms)
				ProcessInitializeOnLoadAttributes (270ms)
				ProcessInitializeOnLoadMethodAttributes (69ms)
				AfterProcessingInitializeOnLoad (4ms)
				EditorAssembliesLoaded (0ms)
			ExecutionOrderSort2 (0ms)
			AwakeInstancesAfterBackupRestoration (14ms)
Platform modules already initialized, skipping
Refreshing native plugins compatible for Editor in 4.11 ms, found 4 plugins.
Preloading 0 native plugins for Editor in 0.00 ms.
Unloading 4116 Unused Serialized files (Serialized files now loaded: 0)
Unloading 25 unused Assets / (24.7 KB). Loaded Objects now: 4657.
Memory consumption went from 158.3 MB to 158.3 MB.
Total: 4.126000 ms (FindLiveObjects: 0.462300 ms CreateObjectMapping: 0.267400 ms MarkObjects: 3.313100 ms  DeleteObjects: 0.081800 ms)

AssetImportParameters requested are different than current active one (requested -> active):
  custom:video-decoder-ogg-theora: a1e56fd34408186e4bbccfd4996cb3dc -> 
  custom:container-muxer-webm: aa71ff27fc2769a1b78a27578f13a17b -> 
  custom:container-demuxer-webm: 4f35f7cbe854078d1ac9338744f61a02 -> 
  custom:video-encoder-webm-vp8: eb34c28f22e8b96e1ab97ce403110664 -> 
  custom:video-codec-MediaFoundation-h265: 746d11721c4dcdbdad8f713fa42b33f4 -> 
  custom:audio-encoder-webm-vorbis: bf7c407c2cedff20999df2af8eb42d56 -> 
  custom:framework-win-MediaFoundation: 216162199b28c13a410421893ffa2e32 -> 
  custom:container-demuxer-ogg: 62fdf1f143b41e24485cea50d1cbac27 -> 
  custom:video-decoder-webm-vp8: 9c59270c3fd7afecdb556c50c9e8de78 -> 
  custom:audio-decoder-ogg-vorbis: bf7c407c2cedff20999df2af8eb42d56 -> 
========================================================================
Received Prepare
Registering precompiled user dll's ...
Registered in 0.006411 seconds.
Begin MonoManager ReloadAssembly
Symbol file LoadedFromMemory doesn't match image D:\Hwan\Thesis\RegEx Edugame\Library\PackageCache\com.unity.visualscripting@1.7.8\Editor\VisualScripting.Core\Dependencies\YamlDotNet\Unity.VisualScripting.YamlDotNet.dll
Symbol file LoadedFromMemory doesn't match image D:\Hwan\Thesis\RegEx Edugame\Library\PackageCache\com.unity.visualscripting@1.7.8\Editor\VisualScripting.Core\Dependencies\DotNetZip\Unity.VisualScripting.IonicZip.dll
Native extension for WindowsStandalone target not found
Refreshing native plugins compatible for Editor in 9.88 ms, found 4 plugins.
Preloading 0 native plugins for Editor in 0.00 ms.
Mono: successfully reloaded assembly
- Completed reload, in  1.606 seconds
Domain Reload Profiling:
	ReloadAssembly (1607ms)
		BeginReloadAssembly (147ms)
			ExecutionOrderSort (0ms)
			DisableScriptedObjects (8ms)
			BackupInstance (0ms)
			ReleaseScriptingObjects (0ms)
			CreateAndSetChildDomain (40ms)
		EndReloadAssembly (1350ms)
			LoadAssemblies (104ms)
			RebuildTransferFunctionScriptingTraits (0ms)
			SetupTypeCache (450ms)
			ReleaseScriptCaches (2ms)
			RebuildScriptCaches (67ms)
			SetupLoadedEditorAssemblies (629ms)
				LogAssemblyErrors (0ms)
				InitializePlatformSupportModulesInManaged (27ms)
				SetLoadedEditorAssemblies (1ms)
				RefreshPlugins (10ms)
				BeforeProcessingInitializeOnLoad (115ms)
				ProcessInitializeOnLoadAttributes (400ms)
				ProcessInitializeOnLoadMethodAttributes (70ms)
				AfterProcessingInitializeOnLoad (5ms)
				EditorAssembliesLoaded (0ms)
			ExecutionOrderSort2 (0ms)
			AwakeInstancesAfterBackupRestoration (15ms)
Platform modules already initialized, skipping
Refreshing native plugins compatible for Editor in 3.20 ms, found 4 plugins.
Preloading 0 native plugins for Editor in 0.00 ms.
Unloading 4116 Unused Serialized files (Serialized files now loaded: 0)
Unloading 25 unused Assets / (24.8 KB). Loaded Objects now: 4660.
Memory consumption went from 158.3 MB to 158.3 MB.
Total: 3.902300 ms (FindLiveObjects: 0.359100 ms CreateObjectMapping: 0.289100 ms MarkObjects: 3.222300 ms  DeleteObjects: 0.030400 ms)

AssetImportParameters requested are different than current active one (requested -> active):
  custom:video-decoder-ogg-theora: a1e56fd34408186e4bbccfd4996cb3dc -> 
  custom:container-muxer-webm: aa71ff27fc2769a1b78a27578f13a17b -> 
  custom:container-demuxer-webm: 4f35f7cbe854078d1ac9338744f61a02 -> 
  custom:video-encoder-webm-vp8: eb34c28f22e8b96e1ab97ce403110664 -> 
  custom:video-codec-MediaFoundation-h265: 746d11721c4dcdbdad8f713fa42b33f4 -> 
  custom:audio-encoder-webm-vorbis: bf7c407c2cedff20999df2af8eb42d56 -> 
  custom:framework-win-MediaFoundation: 216162199b28c13a410421893ffa2e32 -> 
  custom:container-demuxer-ogg: 62fdf1f143b41e24485cea50d1cbac27 -> 
  custom:video-decoder-webm-vp8: 9c59270c3fd7afecdb556c50c9e8de78 -> 
  custom:audio-decoder-ogg-vorbis: bf7c407c2cedff20999df2af8eb42d56 -> 
========================================================================
Received Prepare
Registering precompiled user dll's ...
Registered in 0.006697 seconds.
Begin MonoManager ReloadAssembly
Symbol file LoadedFromMemory doesn't match image D:\Hwan\Thesis\RegEx Edugame\Library\PackageCache\com.unity.visualscripting@1.7.8\Editor\VisualScripting.Core\Dependencies\YamlDotNet\Unity.VisualScripting.YamlDotNet.dll
Symbol file LoadedFromMemory doesn't match image D:\Hwan\Thesis\RegEx Edugame\Library\PackageCache\com.unity.visualscripting@1.7.8\Editor\VisualScripting.Core\Dependencies\DotNetZip\Unity.VisualScripting.IonicZip.dll
Native extension for WindowsStandalone target not found
Refreshing native plugins compatible for Editor in 1.01 ms, found 4 plugins.
Preloading 0 native plugins for Editor in 0.00 ms.
Mono: successfully reloaded assembly
- Completed reload, in  1.535 seconds
Domain Reload Profiling:
	ReloadAssembly (1536ms)
		BeginReloadAssembly (160ms)
			ExecutionOrderSort (0ms)
			DisableScriptedObjects (8ms)
			BackupInstance (0ms)
			ReleaseScriptingObjects (0ms)
			CreateAndSetChildDomain (45ms)
		EndReloadAssembly (1260ms)
			LoadAssemblies (129ms)
			RebuildTransferFunctionScriptingTraits (0ms)
			SetupTypeCache (475ms)
			ReleaseScriptCaches (2ms)
			RebuildScriptCaches (64ms)
			SetupLoadedEditorAssemblies (520ms)
				LogAssemblyErrors (0ms)
				InitializePlatformSupportModulesInManaged (15ms)
				SetLoadedEditorAssemblies (1ms)
				RefreshPlugins (1ms)
				BeforeProcessingInitializeOnLoad (94ms)
				ProcessInitializeOnLoadAttributes (348ms)
				ProcessInitializeOnLoadMethodAttributes (57ms)
				AfterProcessingInitializeOnLoad (4ms)
				EditorAssembliesLoaded (0ms)
			ExecutionOrderSort2 (0ms)
			AwakeInstancesAfterBackupRestoration (11ms)
Platform modules already initialized, skipping
Refreshing native plugins compatible for Editor in 5.38 ms, found 4 plugins.
Preloading 0 native plugins for Editor in 0.00 ms.
Unloading 4116 Unused Serialized files (Serialized files now loaded: 0)
Unloading 25 unused Assets / (24.7 KB). Loaded Objects now: 4663.
Memory consumption went from 158.3 MB to 158.3 MB.
Total: 3.360000 ms (FindLiveObjects: 0.361600 ms CreateObjectMapping: 0.278500 ms MarkObjects: 2.684700 ms  DeleteObjects: 0.034200 ms)

AssetImportParameters requested are different than current active one (requested -> active):
  custom:video-decoder-ogg-theora: a1e56fd34408186e4bbccfd4996cb3dc -> 
  custom:container-muxer-webm: aa71ff27fc2769a1b78a27578f13a17b -> 
  custom:container-demuxer-webm: 4f35f7cbe854078d1ac9338744f61a02 -> 
  custom:video-encoder-webm-vp8: eb34c28f22e8b96e1ab97ce403110664 -> 
  custom:video-codec-MediaFoundation-h265: 746d11721c4dcdbdad8f713fa42b33f4 -> 
  custom:audio-encoder-webm-vorbis: bf7c407c2cedff20999df2af8eb42d56 -> 
  custom:framework-win-MediaFoundation: 216162199b28c13a410421893ffa2e32 -> 
  custom:container-demuxer-ogg: 62fdf1f143b41e24485cea50d1cbac27 -> 
  custom:video-decoder-webm-vp8: 9c59270c3fd7afecdb556c50c9e8de78 -> 
  custom:audio-decoder-ogg-vorbis: bf7c407c2cedff20999df2af8eb42d56 -> 
========================================================================
Received Prepare
Registering precompiled user dll's ...
Registered in 0.006499 seconds.
Begin MonoManager ReloadAssembly
Symbol file LoadedFromMemory doesn't match image D:\Hwan\Thesis\RegEx Edugame\Library\PackageCache\com.unity.visualscripting@1.7.8\Editor\VisualScripting.Core\Dependencies\YamlDotNet\Unity.VisualScripting.YamlDotNet.dll
Symbol file LoadedFromMemory doesn't match image D:\Hwan\Thesis\RegEx Edugame\Library\PackageCache\com.unity.visualscripting@1.7.8\Editor\VisualScripting.Core\Dependencies\DotNetZip\Unity.VisualScripting.IonicZip.dll
Native extension for WindowsStandalone target not found
Refreshing native plugins compatible for Editor in 0.90 ms, found 4 plugins.
Preloading 0 native plugins for Editor in 0.00 ms.
Mono: successfully reloaded assembly
- Completed reload, in  1.688 seconds
Domain Reload Profiling:
	ReloadAssembly (1688ms)
		BeginReloadAssembly (151ms)
			ExecutionOrderSort (0ms)
			DisableScriptedObjects (8ms)
			BackupInstance (0ms)
			ReleaseScriptingObjects (0ms)
			CreateAndSetChildDomain (46ms)
		EndReloadAssembly (1411ms)
			LoadAssemblies (111ms)
			RebuildTransferFunctionScriptingTraits (0ms)
			SetupTypeCache (434ms)
			ReleaseScriptCaches (11ms)
			RebuildScriptCaches (114ms)
			SetupLoadedEditorAssemblies (542ms)
				LogAssemblyErrors (0ms)
				InitializePlatformSupportModulesInManaged (18ms)
				SetLoadedEditorAssemblies (1ms)
				RefreshPlugins (1ms)
				BeforeProcessingInitializeOnLoad (104ms)
				ProcessInitializeOnLoadAttributes (344ms)
				ProcessInitializeOnLoadMethodAttributes (71ms)
				AfterProcessingInitializeOnLoad (4ms)
				EditorAssembliesLoaded (0ms)
			ExecutionOrderSort2 (0ms)
			AwakeInstancesAfterBackupRestoration (11ms)
Platform modules already initialized, skipping
Refreshing native plugins compatible for Editor in 3.79 ms, found 4 plugins.
Preloading 0 native plugins for Editor in 0.00 ms.
Unloading 4116 Unused Serialized files (Serialized files now loaded: 0)
Unloading 25 unused Assets / (24.7 KB). Loaded Objects now: 4666.
Memory consumption went from 158.3 MB to 158.3 MB.
Total: 7.607400 ms (FindLiveObjects: 0.462700 ms CreateObjectMapping: 0.295600 ms MarkObjects: 6.814800 ms  DeleteObjects: 0.033100 ms)

AssetImportParameters requested are different than current active one (requested -> active):
  custom:video-decoder-ogg-theora: a1e56fd34408186e4bbccfd4996cb3dc -> 
  custom:container-muxer-webm: aa71ff27fc2769a1b78a27578f13a17b -> 
  custom:container-demuxer-webm: 4f35f7cbe854078d1ac9338744f61a02 -> 
  custom:video-encoder-webm-vp8: eb34c28f22e8b96e1ab97ce403110664 -> 
  custom:video-codec-MediaFoundation-h265: 746d11721c4dcdbdad8f713fa42b33f4 -> 
  custom:audio-encoder-webm-vorbis: bf7c407c2cedff20999df2af8eb42d56 -> 
  custom:framework-win-MediaFoundation: 216162199b28c13a410421893ffa2e32 -> 
  custom:container-demuxer-ogg: 62fdf1f143b41e24485cea50d1cbac27 -> 
  custom:video-decoder-webm-vp8: 9c59270c3fd7afecdb556c50c9e8de78 -> 
  custom:audio-decoder-ogg-vorbis: bf7c407c2cedff20999df2af8eb42d56 -> 
========================================================================
Received Import Request.
  Time since last request: 748.550438 seconds.
  path: Assets/Scenes/Level 3.3/DroneMove.unity
  artifactKey: Guid(851f532ee64287148bd81b01b451cd9d) Importer(815301076,1909f56bfc062723c751e8b465ee728b)
Start importing Assets/Scenes/Level 3.3/DroneMove.unity using Guid(851f532ee64287148bd81b01b451cd9d) Importer(815301076,1909f56bfc062723c751e8b465ee728b)  -> (artifact id: '0ca676b34c9826fe3b578354d9643fc7') in 0.010385 seconds 
========================================================================
Received Import Request.
  Time since last request: 1.529085 seconds.
  path: Assets/Scenes/Level 3.3/DroneMove.unity
  artifactKey: Guid(e9e4a579257d99f419c0cbe69ed2f747) Importer(815301076,1909f56bfc062723c751e8b465ee728b)
Start importing Assets/Scenes/Level 3.3/DroneMove.unity using Guid(e9e4a579257d99f419c0cbe69ed2f747) Importer(815301076,1909f56bfc062723c751e8b465ee728b)  -> (artifact id: 'd88833fce988c4e9986834aa7cec3152') in 0.004494 seconds 
========================================================================
Received Import Request.
  Time since last request: 1.068135 seconds.
  path: Assets/Scenes/Level 3.3/DroneMove.unity
  artifactKey: Guid(e9e4a579257d99f419c0cbe69ed2f747) Importer(815301076,1909f56bfc062723c751e8b465ee728b)
Start importing Assets/Scenes/Level 3.3/DroneMove.unity using Guid(e9e4a579257d99f419c0cbe69ed2f747) Importer(815301076,1909f56bfc062723c751e8b465ee728b)  -> (artifact id: '155c280a730f12a4071a458cd7c96b60') in 0.008931 seconds 
========================================================================
Received Import Request.
  Time since last request: 189.679431 seconds.
  path: Assets/Scenes/Level 3.4/DroneMove.unity
  artifactKey: Guid(67384427bb497c749965854b22fed49a) Importer(815301076,1909f56bfc062723c751e8b465ee728b)
Start importing Assets/Scenes/Level 3.4/DroneMove.unity using Guid(67384427bb497c749965854b22fed49a) Importer(815301076,1909f56bfc062723c751e8b465ee728b)  -> (artifact id: '8371511225d5d26ee246035a28b4fc2c') in 0.003541 seconds 
========================================================================
Received Import Request.
  Time since last request: 2.689776 seconds.
  path: Assets/Scenes/Level 3.3/DroneMove.unity
  artifactKey: Guid(e9e4a579257d99f419c0cbe69ed2f747) Importer(815301076,1909f56bfc062723c751e8b465ee728b)
Start importing Assets/Scenes/Level 3.3/DroneMove.unity using Guid(e9e4a579257d99f419c0cbe69ed2f747) Importer(815301076,1909f56bfc062723c751e8b465ee728b)  -> (artifact id: 'a837665ba1b1240a166d1c1df279ddde') in 0.003633 seconds 
========================================================================
Received Import Request.
  Time since last request: 15.451964 seconds.
  path: Assets/Scenes/Level 1.1/DroneMove.unity
  artifactKey: Guid(158d45f6f14b5fe4ebd867098f9e6962) Importer(815301076,1909f56bfc062723c751e8b465ee728b)
Start importing Assets/Scenes/Level 1.1/DroneMove.unity using Guid(158d45f6f14b5fe4ebd867098f9e6962) Importer(815301076,1909f56bfc062723c751e8b465ee728b)  -> (artifact id: '625c78816395a429c8bb71bfe9b06cb0') in 0.002890 seconds 
========================================================================
Received Import Request.
  Time since last request: 15.322286 seconds.
  path: Assets/Scenes/Level 3.4/DroneMove.unity
  artifactKey: Guid(da16fab8564cb3944a9f2dfea64df936) Importer(815301076,1909f56bfc062723c751e8b465ee728b)
Start importing Assets/Scenes/Level 3.4/DroneMove.unity using Guid(da16fab8564cb3944a9f2dfea64df936) Importer(815301076,1909f56bfc062723c751e8b465ee728b)  -> (artifact id: '222c8e8fb15c40a14d7dafc3798935b5') in 0.004118 seconds 
