Using pre-set license
Built from '2021.3/staging' branch; Version is '2021.3.11f1 (0a5ca18544bf) revision 679073'; Using compiler version '192829333'; Build Type 'Release'
OS: 'Windows 11  (10.0.22000) 64bit Core' Language: 'en' Physical Memory: 16238 MB
BatchMode: 1, IsHumanControllingUs: 0, StartBugReporterOnCrash: 0, Is64bit: 1, IsPro: 1

COMMAND LINE ARGUMENTS:
F:\Program Files\2021.3.11f1\Editor\Unity.exe
-adb2
-batchMode
-noUpm
-name
AssetImportWorker4
-projectPath
F:/SCHOOL SHIT/THESIS/RegEx-Edugame/RegEx Edugame
-logFile
Logs/AssetImportWorker4.log
-srvPort
60725
Successfully changed project path to: F:/SCHOOL SHIT/THESIS/RegEx-Edugame/RegEx Edugame
F:/SCHOOL SHIT/THESIS/RegEx-Edugame/RegEx Edugame
[UnityMemory] Configuration Parameters - Can be set up in boot.config
    "memorysetup-bucket-allocator-granularity=16"
    "memorysetup-bucket-allocator-bucket-count=8"
    "memorysetup-bucket-allocator-block-size=33554432"
    "memorysetup-bucket-allocator-block-count=8"
    "memorysetup-main-allocator-block-size=16777216"
    "memorysetup-thread-allocator-block-size=16777216"
    "memorysetup-gfx-main-allocator-block-size=16777216"
    "memorysetup-gfx-thread-allocator-block-size=16777216"
    "memorysetup-cache-allocator-block-size=4194304"
    "memorysetup-typetree-allocator-block-size=2097152"
    "memorysetup-profiler-bucket-allocator-granularity=16"
    "memorysetup-profiler-bucket-allocator-bucket-count=8"
    "memorysetup-profiler-bucket-allocator-block-size=33554432"
    "memorysetup-profiler-bucket-allocator-block-count=8"
    "memorysetup-profiler-allocator-block-size=16777216"
    "memorysetup-profiler-editor-allocator-block-size=1048576"
    "memorysetup-temp-allocator-size-main=16777216"
    "memorysetup-job-temp-allocator-block-size=2097152"
    "memorysetup-job-temp-allocator-block-size-background=1048576"
    "memorysetup-job-temp-allocator-reduction-small-platforms=262144"
    "memorysetup-temp-allocator-size-background-worker=32768"
    "memorysetup-temp-allocator-size-job-worker=262144"
    "memorysetup-temp-allocator-size-preload-manager=33554432"
    "memorysetup-temp-allocator-size-nav-mesh-worker=65536"
    "memorysetup-temp-allocator-size-audio-worker=65536"
    "memorysetup-temp-allocator-size-cloud-worker=32768"
    "memorysetup-temp-allocator-size-gi-baking-worker=262144"
    "memorysetup-temp-allocator-size-gfx=262144"
Refreshing native plugins compatible for Editor in 184.65 ms, found 4 plugins.
Preloading 0 native plugins for Editor in 0.00 ms.
Initialize engine version: 2021.3.11f1 (0a5ca18544bf)
[Subsystems] Discovering subsystems at path F:/Program Files/2021.3.11f1/Editor/Data/Resources/UnitySubsystems
[Subsystems] Discovering subsystems at path F:/SCHOOL SHIT/THESIS/RegEx-Edugame/RegEx Edugame/Assets
GfxDevice: creating device client; threaded=0; jobified=0
Direct3D:
    Version:  Direct3D 11.0 [level 11.1]
    Renderer: NVIDIA GeForce GTX 1050 (ID=0x1c8d)
    Vendor:   NVIDIA
    VRAM:     4021 MB
    Driver:   30.0.15.1123
Initialize mono
Mono path[0] = 'F:/Program Files/2021.3.11f1/Editor/Data/Managed'
Mono path[1] = 'F:/Program Files/2021.3.11f1/Editor/Data/MonoBleedingEdge/lib/mono/unityjit-win32'
Mono config path = 'F:/Program Files/2021.3.11f1/Editor/Data/MonoBleedingEdge/etc'
Using monoOptions --debugger-agent=transport=dt_socket,embedding=1,server=y,suspend=n,address=127.0.0.1:56068
Begin MonoManager ReloadAssembly
Registering precompiled unity dll's ...
Register platform support module: F:/Program Files/2021.3.11f1/Editor/Data/PlaybackEngines/WebGLSupport/UnityEditor.WebGL.Extensions.dll
Register platform support module: F:/Program Files/2021.3.11f1/Editor/Data/PlaybackEngines/WindowsStandaloneSupport/UnityEditor.WindowsStandalone.Extensions.dll
Registered in 0.022091 seconds.
Native extension for WindowsStandalone target not found
Native extension for WebGL target not found
Refreshing native plugins compatible for Editor in 151.43 ms, found 4 plugins.
Preloading 0 native plugins for Editor in 0.00 ms.
Mono: successfully reloaded assembly
- Completed reload, in  1.192 seconds
Domain Reload Profiling:
	ReloadAssembly (1193ms)
		BeginReloadAssembly (236ms)
			ExecutionOrderSort (0ms)
			DisableScriptedObjects (0ms)
			BackupInstance (0ms)
			ReleaseScriptingObjects (0ms)
			CreateAndSetChildDomain (1ms)
		EndReloadAssembly (742ms)
			LoadAssemblies (234ms)
			RebuildTransferFunctionScriptingTraits (0ms)
			SetupTypeCache (188ms)
			ReleaseScriptCaches (0ms)
			RebuildScriptCaches (43ms)
			SetupLoadedEditorAssemblies (434ms)
				LogAssemblyErrors (0ms)
				InitializePlatformSupportModulesInManaged (13ms)
				SetLoadedEditorAssemblies (0ms)
				RefreshPlugins (152ms)
				BeforeProcessingInitializeOnLoad (2ms)
				ProcessInitializeOnLoadAttributes (202ms)
				ProcessInitializeOnLoadMethodAttributes (65ms)
				AfterProcessingInitializeOnLoad (0ms)
				EditorAssembliesLoaded (0ms)
			ExecutionOrderSort2 (0ms)
			AwakeInstancesAfterBackupRestoration (0ms)
Platform modules already initialized, skipping
Registering precompiled user dll's ...
Registered in 0.016113 seconds.
Begin MonoManager ReloadAssembly
Symbol file LoadedFromMemory doesn't match image F:\SCHOOL SHIT\THESIS\RegEx-Edugame\RegEx Edugame\Library\PackageCache\com.unity.visualscripting@1.7.8\Editor\VisualScripting.Core\Dependencies\YamlDotNet\Unity.VisualScripting.YamlDotNet.dll
Symbol file LoadedFromMemory doesn't match image F:\SCHOOL SHIT\THESIS\RegEx-Edugame\RegEx Edugame\Library\PackageCache\com.unity.visualscripting@1.7.8\Editor\VisualScripting.Core\Dependencies\DotNetZip\Unity.VisualScripting.IonicZip.dll
Native extension for WindowsStandalone target not found
Native extension for WebGL target not found
Refreshing native plugins compatible for Editor in 146.26 ms, found 4 plugins.
Preloading 0 native plugins for Editor in 0.00 ms.
Mono: successfully reloaded assembly
- Completed reload, in  1.626 seconds
Domain Reload Profiling:
	ReloadAssembly (1627ms)
		BeginReloadAssembly (208ms)
			ExecutionOrderSort (0ms)
			DisableScriptedObjects (10ms)
			BackupInstance (0ms)
			ReleaseScriptingObjects (0ms)
			CreateAndSetChildDomain (29ms)
		EndReloadAssembly (1235ms)
			LoadAssemblies (176ms)
			RebuildTransferFunctionScriptingTraits (0ms)
			SetupTypeCache (380ms)
			ReleaseScriptCaches (1ms)
			RebuildScriptCaches (79ms)
			SetupLoadedEditorAssemblies (585ms)
				LogAssemblyErrors (0ms)
				InitializePlatformSupportModulesInManaged (8ms)
				SetLoadedEditorAssemblies (0ms)
				RefreshPlugins (146ms)
				BeforeProcessingInitializeOnLoad (114ms)
				ProcessInitializeOnLoadAttributes (252ms)
				ProcessInitializeOnLoadMethodAttributes (54ms)
				AfterProcessingInitializeOnLoad (11ms)
				EditorAssembliesLoaded (0ms)
			ExecutionOrderSort2 (0ms)
			AwakeInstancesAfterBackupRestoration (12ms)
Platform modules already initialized, skipping
========================================================================
Worker process is ready to serve import requests
Launched and connected shader compiler UnityShaderCompiler.exe after 0.08 seconds
Refreshing native plugins compatible for Editor in 1.09 ms, found 4 plugins.
Preloading 0 native plugins for Editor in 0.00 ms.
Unloading 4147 Unused Serialized files (Serialized files now loaded: 0)
Unloading 38 unused Assets / (56.6 KB). Loaded Objects now: 4604.
Memory consumption went from 155.7 MB to 155.7 MB.
Total: 8.312800 ms (FindLiveObjects: 0.614700 ms CreateObjectMapping: 0.579200 ms MarkObjects: 6.956900 ms  DeleteObjects: 0.160100 ms)

AssetImportParameters requested are different than current active one (requested -> active):
  custom:video-decoder-ogg-theora: a1e56fd34408186e4bbccfd4996cb3dc -> 
  custom:container-muxer-webm: aa71ff27fc2769a1b78a27578f13a17b -> 
  custom:container-demuxer-webm: 4f35f7cbe854078d1ac9338744f61a02 -> 
  custom:video-encoder-webm-vp8: eb34c28f22e8b96e1ab97ce403110664 -> 
  custom:video-codec-MediaFoundation-h265: 746d11721c4dcdbdad8f713fa42b33f4 -> 
  custom:audio-encoder-webm-vorbis: bf7c407c2cedff20999df2af8eb42d56 -> 
  custom:framework-win-MediaFoundation: 216162199b28c13a410421893ffa2e32 -> 
  custom:container-demuxer-ogg: 62fdf1f143b41e24485cea50d1cbac27 -> 
  custom:video-decoder-webm-vp8: 9c59270c3fd7afecdb556c50c9e8de78 -> 
  custom:audio-decoder-ogg-vorbis: bf7c407c2cedff20999df2af8eb42d56 -> 
========================================================================
Received Import Request.
  Time since last request: 2155014.279659 seconds.
  path: Assets/Scenes/Level 1.2
  artifactKey: Guid(f76c6c08e2c11f8469664de9062a7511) Importer(815301076,1909f56bfc062723c751e8b465ee728b)
Start importing Assets/Scenes/Level 1.2 using Guid(f76c6c08e2c11f8469664de9062a7511) Importer(815301076,1909f56bfc062723c751e8b465ee728b)  -> (artifact id: '868692866e53ade2087135f8c652e870') in 0.066719 seconds 
========================================================================
Received Import Request.
  Time since last request: 3.135869 seconds.
  path: Assets/Scenes/Level 1.2/Chips.unity
  artifactKey: Guid(228592800d199df4dad1ac78b2f8f6b1) Importer(815301076,1909f56bfc062723c751e8b465ee728b)
Start importing Assets/Scenes/Level 1.2/Chips.unity using Guid(228592800d199df4dad1ac78b2f8f6b1) Importer(815301076,1909f56bfc062723c751e8b465ee728b)  -> (artifact id: 'c5fb26216ce96d8be79494a3824ac399') in 0.013260 seconds 
========================================================================
Received Import Request.
  Time since last request: 80.978376 seconds.
  path: Assets/Scenes/Level 2.1/Chips.unity
  artifactKey: Guid(d33b3a00b302ba544913f1fb81ec6551) Importer(815301076,1909f56bfc062723c751e8b465ee728b)
Start importing Assets/Scenes/Level 2.1/Chips.unity using Guid(d33b3a00b302ba544913f1fb81ec6551) Importer(815301076,1909f56bfc062723c751e8b465ee728b)  -> (artifact id: '0983812fe1bf1d4fbd5c84f4f42151fc') in 0.013547 seconds 
========================================================================
Received Import Request.
  Time since last request: 28.208066 seconds.
  path: Assets/Scenes/Level 2.2/Chips.unity
  artifactKey: Guid(fdfcbe94a3580704b9a56b1c20219c47) Importer(815301076,1909f56bfc062723c751e8b465ee728b)
Start importing Assets/Scenes/Level 2.2/Chips.unity using Guid(fdfcbe94a3580704b9a56b1c20219c47) Importer(815301076,1909f56bfc062723c751e8b465ee728b)  -> (artifact id: '8474c21af9284718679a99e5bde30174') in 0.007809 seconds 
========================================================================
Received Import Request.
  Time since last request: 3.328060 seconds.
  path: Assets/Scenes/Level 1.1/Chips.unity
  artifactKey: Guid(8cadb6138c0037441965be9d369b0557) Importer(815301076,1909f56bfc062723c751e8b465ee728b)
Start importing Assets/Scenes/Level 1.1/Chips.unity using Guid(8cadb6138c0037441965be9d369b0557) Importer(815301076,1909f56bfc062723c751e8b465ee728b)  -> (artifact id: 'afce32b5d826edb411492a487e0be409') in 0.008034 seconds 
========================================================================
Received Import Request.
  Time since last request: 16.862073 seconds.
  path: Assets/Scenes/Level 3.1/Chips.unity
  artifactKey: Guid(acceade9b7fdeb94db8739e0ab90b5fe) Importer(815301076,1909f56bfc062723c751e8b465ee728b)
Start importing Assets/Scenes/Level 3.1/Chips.unity using Guid(acceade9b7fdeb94db8739e0ab90b5fe) Importer(815301076,1909f56bfc062723c751e8b465ee728b)  -> (artifact id: 'bfdc85bde8c4453c5c5ed108a1a13e86') in 0.009174 seconds 
========================================================================
Received Import Request.
  Time since last request: 40.671186 seconds.
  path: Assets/Scenes/Level 3.2/Chips.unity
  artifactKey: Guid(936d46acead629f4b989e2c895213cfc) Importer(815301076,1909f56bfc062723c751e8b465ee728b)
Start importing Assets/Scenes/Level 3.2/Chips.unity using Guid(936d46acead629f4b989e2c895213cfc) Importer(815301076,1909f56bfc062723c751e8b465ee728b)  -> (artifact id: '49479c67dd216896c7bff43c6d599012') in 0.008353 seconds 
========================================================================
Received Import Request.
  Time since last request: 39.369082 seconds.
  path: Assets/Scenes/Level 3.3/Chips.unity
  artifactKey: Guid(58c94d56041ef5e4384f08d02d9d11d6) Importer(815301076,1909f56bfc062723c751e8b465ee728b)
Start importing Assets/Scenes/Level 3.3/Chips.unity using Guid(58c94d56041ef5e4384f08d02d9d11d6) Importer(815301076,1909f56bfc062723c751e8b465ee728b)  -> (artifact id: '8fac8c0baba7dce8136fd617b48a76a6') in 0.007984 seconds 
========================================================================
Received Import Request.
  Time since last request: 19.929800 seconds.
  path: Assets/Scenes/Level 3.4/Chips.unity
  artifactKey: Guid(e954be985cabe63479dd6d220b964059) Importer(815301076,1909f56bfc062723c751e8b465ee728b)
Start importing Assets/Scenes/Level 3.4/Chips.unity using Guid(e954be985cabe63479dd6d220b964059) Importer(815301076,1909f56bfc062723c751e8b465ee728b)  -> (artifact id: '8cebfab8f2d358013789bb12ae24d8c0') in 0.008583 seconds 
========================================================================
Received Import Request.
  Time since last request: 16.890762 seconds.
  path: Assets/Scenes/Level 4.1/Chips.unity
  artifactKey: Guid(5a865bda3bd3d50429c1dcab422c640a) Importer(815301076,1909f56bfc062723c751e8b465ee728b)
Start importing Assets/Scenes/Level 4.1/Chips.unity using Guid(5a865bda3bd3d50429c1dcab422c640a) Importer(815301076,1909f56bfc062723c751e8b465ee728b)  -> (artifact id: '70466afa9a7e53e6aec61732399ae8fa') in 0.007193 seconds 
========================================================================
Received Import Request.
  Time since last request: 25.768854 seconds.
  path: Assets/Scenes/Level 4.2/Chips.unity
  artifactKey: Guid(ba5f9a7418bdb9c4d96e2f446042e715) Importer(815301076,1909f56bfc062723c751e8b465ee728b)
Start importing Assets/Scenes/Level 4.2/Chips.unity using Guid(ba5f9a7418bdb9c4d96e2f446042e715) Importer(815301076,1909f56bfc062723c751e8b465ee728b)  -> (artifact id: 'c2c7c263d4ece17872eca9d2078dd143') in 0.009246 seconds 
========================================================================
Received Import Request.
  Time since last request: 12.513064 seconds.
  path: Assets/Scenes/Level 4.3/Chips.unity
  artifactKey: Guid(3e3ca1ed599c5c24c89ddad7959c0d41) Importer(815301076,1909f56bfc062723c751e8b465ee728b)
Start importing Assets/Scenes/Level 4.3/Chips.unity using Guid(3e3ca1ed599c5c24c89ddad7959c0d41) Importer(815301076,1909f56bfc062723c751e8b465ee728b)  -> (artifact id: 'b0a4c9d7c616977c6ab1e2e16c0e9c93') in 0.007788 seconds 
========================================================================
Received Import Request.
  Time since last request: 13.349816 seconds.
  path: Assets/Scenes/Level 4.4/Chips.unity
  artifactKey: Guid(8cb9e1b162844a1408b265835952da46) Importer(815301076,1909f56bfc062723c751e8b465ee728b)
Start importing Assets/Scenes/Level 4.4/Chips.unity using Guid(8cb9e1b162844a1408b265835952da46) Importer(815301076,1909f56bfc062723c751e8b465ee728b)  -> (artifact id: '368ff65912fce41f3fe1c733636d1568') in 0.007663 seconds 
========================================================================
Received Import Request.
  Time since last request: 36.449520 seconds.
  path: Assets/Scenes/Level 4.5/Chips.unity
  artifactKey: Guid(447b59ee44078f94887cc5e47c8adcde) Importer(815301076,1909f56bfc062723c751e8b465ee728b)
Start importing Assets/Scenes/Level 4.5/Chips.unity using Guid(447b59ee44078f94887cc5e47c8adcde) Importer(815301076,1909f56bfc062723c751e8b465ee728b)  -> (artifact id: '79ed5b0c0cbddc2be2e44bcfdea2b250') in 0.008080 seconds 
========================================================================
Received Import Request.
  Time since last request: 12.033612 seconds.
  path: Assets/Scenes/Level 4.6/Chips.unity
  artifactKey: Guid(e2b57d9350111ac4d97ea4ed371b6c5f) Importer(815301076,1909f56bfc062723c751e8b465ee728b)
Start importing Assets/Scenes/Level 4.6/Chips.unity using Guid(e2b57d9350111ac4d97ea4ed371b6c5f) Importer(815301076,1909f56bfc062723c751e8b465ee728b)  -> (artifact id: '0d4a75cbc818f85e83b2dfd276d7fb1f') in 0.007569 seconds 
========================================================================
Received Import Request.
  Time since last request: 27.763348 seconds.
  path: Assets/Scenes/Level 4.4/Chips.unity
  artifactKey: Guid(8cb9e1b162844a1408b265835952da46) Importer(815301076,1909f56bfc062723c751e8b465ee728b)
Start importing Assets/Scenes/Level 4.4/Chips.unity using Guid(8cb9e1b162844a1408b265835952da46) Importer(815301076,1909f56bfc062723c751e8b465ee728b)  -> (artifact id: 'ce7bc4d3e642ffc2f239337fe1463546') in 0.007888 seconds 
========================================================================
Received Import Request.
  Time since last request: 2.271823 seconds.
  path: Assets/Scenes/Level 4.5/Chips.unity
  artifactKey: Guid(447b59ee44078f94887cc5e47c8adcde) Importer(815301076,1909f56bfc062723c751e8b465ee728b)
Start importing Assets/Scenes/Level 4.5/Chips.unity using Guid(447b59ee44078f94887cc5e47c8adcde) Importer(815301076,1909f56bfc062723c751e8b465ee728b)  -> (artifact id: '465b3204e5d0890ea1963b79716cad7c') in 0.007551 seconds 
========================================================================
Received Import Request.
  Time since last request: 5.446444 seconds.
  path: Assets/Scenes/Level 4.6/Chips.unity
  artifactKey: Guid(e2b57d9350111ac4d97ea4ed371b6c5f) Importer(815301076,1909f56bfc062723c751e8b465ee728b)
Start importing Assets/Scenes/Level 4.6/Chips.unity using Guid(e2b57d9350111ac4d97ea4ed371b6c5f) Importer(815301076,1909f56bfc062723c751e8b465ee728b)  -> (artifact id: '54a207389fd7d7e375b18f15aa7982de') in 0.009688 seconds 
========================================================================
Received Import Request.
  Time since last request: 3.193152 seconds.
  path: Assets/Scenes/Level 5.1/Chips.unity
  artifactKey: Guid(54d37fba1047c6a48857da6be7ad095d) Importer(815301076,1909f56bfc062723c751e8b465ee728b)
Start importing Assets/Scenes/Level 5.1/Chips.unity using Guid(54d37fba1047c6a48857da6be7ad095d) Importer(815301076,1909f56bfc062723c751e8b465ee728b)  -> (artifact id: '67d6632c5b5045845cd361a4b93a14c5') in 0.009630 seconds 
========================================================================
Received Import Request.
  Time since last request: 57.124201 seconds.
  path: Assets/Scenes/Level 5.2/Chips.unity
  artifactKey: Guid(0a3934256238e35419623cce0e49ef75) Importer(815301076,1909f56bfc062723c751e8b465ee728b)
Start importing Assets/Scenes/Level 5.2/Chips.unity using Guid(0a3934256238e35419623cce0e49ef75) Importer(815301076,1909f56bfc062723c751e8b465ee728b)  -> (artifact id: '8d54a5d1c556464765a86645a44f644b') in 0.007167 seconds 
========================================================================
Received Import Request.
  Time since last request: 13.819151 seconds.
  path: Assets/Scenes/Level 6.1/Chips.unity
  artifactKey: Guid(0e29a327f4d887347846318b5db054c5) Importer(815301076,1909f56bfc062723c751e8b465ee728b)
Start importing Assets/Scenes/Level 6.1/Chips.unity using Guid(0e29a327f4d887347846318b5db054c5) Importer(815301076,1909f56bfc062723c751e8b465ee728b)  -> (artifact id: 'f248aa053a34ea570a04ddaae37f7f82') in 0.007563 seconds 
========================================================================
Received Import Request.
  Time since last request: 15.944493 seconds.
  path: Assets/Scenes/Level 6.2/Chips.unity
  artifactKey: Guid(3b9d344aa6150574e8499c490cc9e7b7) Importer(815301076,1909f56bfc062723c751e8b465ee728b)
Start importing Assets/Scenes/Level 6.2/Chips.unity using Guid(3b9d344aa6150574e8499c490cc9e7b7) Importer(815301076,1909f56bfc062723c751e8b465ee728b)  -> (artifact id: 'f84ba7af3cb9b0309e1c45fb55eaef67') in 0.008609 seconds 
========================================================================
Received Import Request.
  Time since last request: 15.049026 seconds.
  path: Assets/Scenes/Level 6.3/Chips.unity
  artifactKey: Guid(b53066a760e28fe4b84f521a741faca5) Importer(815301076,1909f56bfc062723c751e8b465ee728b)
Start importing Assets/Scenes/Level 6.3/Chips.unity using Guid(b53066a760e28fe4b84f521a741faca5) Importer(815301076,1909f56bfc062723c751e8b465ee728b)  -> (artifact id: 'e70d4a1cc833ba6b9299874703633a6e') in 0.009455 seconds 
========================================================================
Received Import Request.
  Time since last request: 12.613336 seconds.
  path: Assets/Scenes/Level 7.1/Chips.unity
  artifactKey: Guid(f3539768af4f2494c89c3e7157315795) Importer(815301076,1909f56bfc062723c751e8b465ee728b)
Start importing Assets/Scenes/Level 7.1/Chips.unity using Guid(f3539768af4f2494c89c3e7157315795) Importer(815301076,1909f56bfc062723c751e8b465ee728b)  -> (artifact id: 'f075d30925808cee80ff9fc128d3a2b6') in 0.008086 seconds 
========================================================================
Received Import Request.
  Time since last request: 15.078741 seconds.
  path: Assets/Scenes/Level 7.2/Chips.unity
  artifactKey: Guid(ae35abf59295a6246a489d65662ff035) Importer(815301076,1909f56bfc062723c751e8b465ee728b)
Start importing Assets/Scenes/Level 7.2/Chips.unity using Guid(ae35abf59295a6246a489d65662ff035) Importer(815301076,1909f56bfc062723c751e8b465ee728b)  -> (artifact id: 'cfddaf4c01b2e13d2e446d06df2ae419') in 0.008678 seconds 
========================================================================
Received Import Request.
  Time since last request: 21.040275 seconds.
  path: Assets/Scenes/Level 7.3/Chips.unity
  artifactKey: Guid(c8dee4e4670692f43aa3e6f03e3d33ab) Importer(815301076,1909f56bfc062723c751e8b465ee728b)
Start importing Assets/Scenes/Level 7.3/Chips.unity using Guid(c8dee4e4670692f43aa3e6f03e3d33ab) Importer(815301076,1909f56bfc062723c751e8b465ee728b)  -> (artifact id: 'd71d04b93762b2418e1869ad36376614') in 0.008773 seconds 
========================================================================
Received Import Request.
  Time since last request: 16.082886 seconds.
  path: Assets/Scenes/Level 7.4/Chips.unity
  artifactKey: Guid(f032633d0106d0343aa53b04a0ae6db5) Importer(815301076,1909f56bfc062723c751e8b465ee728b)
Start importing Assets/Scenes/Level 7.4/Chips.unity using Guid(f032633d0106d0343aa53b04a0ae6db5) Importer(815301076,1909f56bfc062723c751e8b465ee728b)  -> (artifact id: '4ed899ae64b6101ff7022c47a0ce4521') in 0.008436 seconds 
========================================================================
Received Import Request.
  Time since last request: 14.143076 seconds.
  path: Assets/Scenes/Level 7.5/Chips.unity
  artifactKey: Guid(b04f6a1c6a9bbf34798b05ff7a4e848e) Importer(815301076,1909f56bfc062723c751e8b465ee728b)
Start importing Assets/Scenes/Level 7.5/Chips.unity using Guid(b04f6a1c6a9bbf34798b05ff7a4e848e) Importer(815301076,1909f56bfc062723c751e8b465ee728b)  -> (artifact id: '0d50759735c17c635a9070ea25fe6f0b') in 0.008122 seconds 
========================================================================
Received Import Request.
  Time since last request: 390.213583 seconds.
  path: Assets/Sprites/level-guides/updated-guides/level-7.5.png
  artifactKey: Guid(9323cc8b5435c494884b3da7feba971b) Importer(815301076,1909f56bfc062723c751e8b465ee728b)
Start importing Assets/Sprites/level-guides/updated-guides/level-7.5.png using Guid(9323cc8b5435c494884b3da7feba971b) Importer(815301076,1909f56bfc062723c751e8b465ee728b)  -> (artifact id: '37f31259603f9e2c7fb6a53bafc0a2f7') in 0.419646 seconds 
